mode: atomic
github.com/ottenwbe/go-streaming/pkg/log/logger.go:16.26,17.14 1 0
github.com/ottenwbe/go-streaming/pkg/log/logger.go:17.14,19.3 1 0
github.com/ottenwbe/go-streaming/pkg/log/logger.go:24.41,24.72 1 0
github.com/ottenwbe/go-streaming/pkg/log/logger.go:25.41,25.81 1 0
github.com/ottenwbe/go-streaming/pkg/log/logger.go:30.53,30.54 0 0
github.com/ottenwbe/go-streaming/pkg/log/logger.go:31.53,31.54 0 0
github.com/ottenwbe/go-streaming/pkg/log/logger.go:39.41,40.14 1 0
github.com/ottenwbe/go-streaming/pkg/log/logger.go:40.14,42.3 1 0
github.com/ottenwbe/go-streaming/pkg/log/logger.go:43.2,43.25 1 0
github.com/ottenwbe/go-streaming/pkg/log/logger.go:46.56,46.86 1 0
github.com/ottenwbe/go-streaming/pkg/log/logger.go:47.56,47.95 1 0
github.com/ottenwbe/go-streaming/pkg/log/logger.go:49.55,51.2 1 0
github.com/ottenwbe/go-streaming/pkg/log/logger.go:53.71,55.2 1 0
github.com/ottenwbe/go-streaming/pkg/pubsub/config.go:37.85,38.35 1 2
github.com/ottenwbe/go-streaming/pkg/pubsub/config.go:38.35,40.3 1 2
github.com/ottenwbe/go-streaming/pkg/pubsub/config.go:43.58,44.35 1 1
github.com/ottenwbe/go-streaming/pkg/pubsub/config.go:44.35,46.3 1 1
github.com/ottenwbe/go-streaming/pkg/pubsub/config.go:49.66,50.35 1 1
github.com/ottenwbe/go-streaming/pkg/pubsub/config.go:50.35,52.3 1 1
github.com/ottenwbe/go-streaming/pkg/pubsub/config.go:57.81,58.31 1 0
github.com/ottenwbe/go-streaming/pkg/pubsub/config.go:58.31,60.3 1 0
github.com/ottenwbe/go-streaming/pkg/pubsub/config.go:63.56,64.31 1 1
github.com/ottenwbe/go-streaming/pkg/pubsub/config.go:64.31,66.3 1 1
github.com/ottenwbe/go-streaming/pkg/pubsub/config.go:69.62,70.31 1 0
github.com/ottenwbe/go-streaming/pkg/pubsub/config.go:70.31,72.3 1 0
github.com/ottenwbe/go-streaming/pkg/pubsub/config.go:75.54,76.31 1 15
github.com/ottenwbe/go-streaming/pkg/pubsub/config.go:76.31,78.3 1 15
github.com/ottenwbe/go-streaming/pkg/pubsub/config.go:81.43,82.31 1 2
github.com/ottenwbe/go-streaming/pkg/pubsub/config.go:82.31,84.3 1 2
github.com/ottenwbe/go-streaming/pkg/pubsub/config.go:87.52,88.31 1 0
github.com/ottenwbe/go-streaming/pkg/pubsub/config.go:88.31,90.3 1 0
github.com/ottenwbe/go-streaming/pkg/pubsub/config.go:93.53,94.31 1 10
github.com/ottenwbe/go-streaming/pkg/pubsub/config.go:94.31,96.3 1 10
github.com/ottenwbe/go-streaming/pkg/pubsub/config.go:99.49,100.31 1 2
github.com/ottenwbe/go-streaming/pkg/pubsub/config.go:100.31,102.3 1 2
github.com/ottenwbe/go-streaming/pkg/pubsub/config.go:105.72,106.31 1 1
github.com/ottenwbe/go-streaming/pkg/pubsub/config.go:106.31,108.3 1 1
github.com/ottenwbe/go-streaming/pkg/pubsub/config.go:112.82,114.2 1 42
github.com/ottenwbe/go-streaming/pkg/pubsub/config.go:117.78,122.33 2 51
github.com/ottenwbe/go-streaming/pkg/pubsub/config.go:122.33,124.3 1 31
github.com/ottenwbe/go-streaming/pkg/pubsub/config.go:126.2,126.10 1 51
github.com/ottenwbe/go-streaming/pkg/pubsub/config.go:129.89,130.24 1 3
github.com/ottenwbe/go-streaming/pkg/pubsub/config.go:130.24,131.34 1 3
github.com/ottenwbe/go-streaming/pkg/pubsub/config.go:131.34,133.4 1 3
github.com/ottenwbe/go-streaming/pkg/pubsub/config.go:138.73,140.33 2 12
github.com/ottenwbe/go-streaming/pkg/pubsub/config.go:140.33,142.3 1 1
github.com/ottenwbe/go-streaming/pkg/pubsub/config.go:143.2,143.10 1 12
github.com/ottenwbe/go-streaming/pkg/pubsub/config.go:147.55,149.2 1 0
github.com/ottenwbe/go-streaming/pkg/pubsub/config.go:152.43,154.2 1 30
github.com/ottenwbe/go-streaming/pkg/pubsub/config.go:157.72,158.18 1 4
github.com/ottenwbe/go-streaming/pkg/pubsub/config.go:158.18,160.3 1 1
github.com/ottenwbe/go-streaming/pkg/pubsub/config.go:162.2,162.15 1 3
github.com/ottenwbe/go-streaming/pkg/pubsub/config.go:166.64,170.46 2 1
github.com/ottenwbe/go-streaming/pkg/pubsub/config.go:170.46,173.3 1 0
github.com/ottenwbe/go-streaming/pkg/pubsub/config.go:175.2,175.39 1 1
github.com/ottenwbe/go-streaming/pkg/pubsub/config.go:179.63,183.46 2 3
github.com/ottenwbe/go-streaming/pkg/pubsub/config.go:183.46,185.3 1 0
github.com/ottenwbe/go-streaming/pkg/pubsub/config.go:187.2,187.39 1 3
github.com/ottenwbe/go-streaming/pkg/pubsub/pub_sub.go:25.46,29.2 1 31
github.com/ottenwbe/go-streaming/pkg/pubsub/pub_sub.go:35.50,37.2 1 0
github.com/ottenwbe/go-streaming/pkg/pubsub/pub_sub.go:41.82,43.2 1 0
github.com/ottenwbe/go-streaming/pkg/pubsub/pub_sub.go:45.115,51.2 5 7
github.com/ottenwbe/go-streaming/pkg/pubsub/pub_sub.go:54.86,56.2 1 14
github.com/ottenwbe/go-streaming/pkg/pubsub/pub_sub.go:58.119,65.39 5 30
github.com/ottenwbe/go-streaming/pkg/pubsub/pub_sub.go:65.39,68.3 2 27
github.com/ottenwbe/go-streaming/pkg/pubsub/pub_sub.go:68.8,68.23 1 3
github.com/ottenwbe/go-streaming/pkg/pubsub/pub_sub.go:68.23,70.3 1 0
github.com/ottenwbe/go-streaming/pkg/pubsub/pub_sub.go:72.2,73.20 2 3
github.com/ottenwbe/go-streaming/pkg/pubsub/pub_sub.go:80.47,82.2 1 11
github.com/ottenwbe/go-streaming/pkg/pubsub/pub_sub.go:84.69,87.31 3 20
github.com/ottenwbe/go-streaming/pkg/pubsub/pub_sub.go:87.31,88.35 1 20
github.com/ottenwbe/go-streaming/pkg/pubsub/pub_sub.go:88.35,91.4 2 18
github.com/ottenwbe/go-streaming/pkg/pubsub/pub_sub.go:97.46,99.2 1 7
github.com/ottenwbe/go-streaming/pkg/pubsub/pub_sub.go:101.68,105.2 3 29
github.com/ottenwbe/go-streaming/pkg/pubsub/pub_sub.go:108.37,110.2 1 2
github.com/ottenwbe/go-streaming/pkg/pubsub/pub_sub.go:113.70,114.14 1 0
github.com/ottenwbe/go-streaming/pkg/pubsub/pub_sub.go:114.14,116.3 1 0
github.com/ottenwbe/go-streaming/pkg/pubsub/pub_sub.go:117.2,117.26 1 0
github.com/ottenwbe/go-streaming/pkg/pubsub/pub_sub.go:120.59,123.34 3 4
github.com/ottenwbe/go-streaming/pkg/pubsub/pub_sub.go:123.34,126.3 2 4
github.com/ottenwbe/go-streaming/pkg/pubsub/pub_sub.go:127.2,127.26 1 0
github.com/ottenwbe/go-streaming/pkg/pubsub/pub_sub.go:131.136,133.2 1 2
github.com/ottenwbe/go-streaming/pkg/pubsub/pub_sub.go:135.169,137.2 1 4
github.com/ottenwbe/go-streaming/pkg/pubsub/pub_sub.go:140.145,142.2 1 0
github.com/ottenwbe/go-streaming/pkg/pubsub/pub_sub.go:144.178,146.2 1 1
github.com/ottenwbe/go-streaming/pkg/pubsub/pub_sub.go:149.137,151.2 1 9
github.com/ottenwbe/go-streaming/pkg/pubsub/pub_sub.go:153.170,156.61 3 16
github.com/ottenwbe/go-streaming/pkg/pubsub/pub_sub.go:156.61,158.3 1 16
github.com/ottenwbe/go-streaming/pkg/pubsub/pub_sub.go:158.8,160.3 1 0
github.com/ottenwbe/go-streaming/pkg/pubsub/pub_sub.go:164.146,166.2 1 0
github.com/ottenwbe/go-streaming/pkg/pubsub/pub_sub.go:168.179,171.61 3 1
github.com/ottenwbe/go-streaming/pkg/pubsub/pub_sub.go:171.61,173.3 1 1
github.com/ottenwbe/go-streaming/pkg/pubsub/pub_sub.go:173.8,175.3 1 0
github.com/ottenwbe/go-streaming/pkg/pubsub/pub_sub.go:179.55,181.2 1 10
github.com/ottenwbe/go-streaming/pkg/pubsub/pub_sub.go:183.88,190.15 3 16
github.com/ottenwbe/go-streaming/pkg/pubsub/pub_sub.go:190.15,192.18 2 16
github.com/ottenwbe/go-streaming/pkg/pubsub/pub_sub.go:192.18,194.4 1 5
github.com/ottenwbe/go-streaming/pkg/pubsub/pub_sub.go:197.2,197.16 1 16
github.com/ottenwbe/go-streaming/pkg/pubsub/pub_sub.go:197.16,199.3 1 1
github.com/ottenwbe/go-streaming/pkg/pubsub/pub_sub.go:201.2,202.16 2 15
github.com/ottenwbe/go-streaming/pkg/pubsub/pub_sub.go:202.16,204.3 1 2
github.com/ottenwbe/go-streaming/pkg/pubsub/pub_sub.go:206.2,210.12 4 13
github.com/ottenwbe/go-streaming/pkg/pubsub/pub_sub.go:215.68,217.2 1 0
github.com/ottenwbe/go-streaming/pkg/pubsub/pub_sub.go:219.101,222.16 3 13
github.com/ottenwbe/go-streaming/pkg/pubsub/pub_sub.go:222.16,224.3 1 0
github.com/ottenwbe/go-streaming/pkg/pubsub/pub_sub.go:226.2,226.54 1 13
github.com/ottenwbe/go-streaming/pkg/pubsub/pub_sub.go:230.74,232.2 1 0
github.com/ottenwbe/go-streaming/pkg/pubsub/pub_sub.go:234.107,236.2 1 15
github.com/ottenwbe/go-streaming/pkg/pubsub/pub_sub.go:239.66,241.2 1 5
github.com/ottenwbe/go-streaming/pkg/pubsub/pub_sub.go:243.99,246.56 3 27
github.com/ottenwbe/go-streaming/pkg/pubsub/pub_sub.go:246.56,248.3 1 27
github.com/ottenwbe/go-streaming/pkg/pubsub/pub_sub.go:248.8,250.3 1 0
github.com/ottenwbe/go-streaming/pkg/pubsub/pub_sub.go:254.63,256.2 1 5
github.com/ottenwbe/go-streaming/pkg/pubsub/pub_sub.go:258.96,265.15 3 24
github.com/ottenwbe/go-streaming/pkg/pubsub/pub_sub.go:265.15,267.18 2 24
github.com/ottenwbe/go-streaming/pkg/pubsub/pub_sub.go:267.18,269.4 1 6
github.com/ottenwbe/go-streaming/pkg/pubsub/pub_sub.go:272.2,272.22 1 24
github.com/ottenwbe/go-streaming/pkg/pubsub/pub_sub.go:272.22,274.3 1 1
github.com/ottenwbe/go-streaming/pkg/pubsub/pub_sub.go:276.2,277.16 2 23
github.com/ottenwbe/go-streaming/pkg/pubsub/pub_sub.go:277.16,279.3 1 1
github.com/ottenwbe/go-streaming/pkg/pubsub/pub_sub.go:281.2,285.12 4 22
github.com/ottenwbe/go-streaming/pkg/pubsub/pub_sub.go:289.58,291.2 1 5
github.com/ottenwbe/go-streaming/pkg/pubsub/pub_sub.go:293.70,296.34 3 18
github.com/ottenwbe/go-streaming/pkg/pubsub/pub_sub.go:296.34,298.3 1 13
github.com/ottenwbe/go-streaming/pkg/pubsub/pub_sub.go:300.2,300.42 1 5
github.com/ottenwbe/go-streaming/pkg/pubsub/pub_sub.go:316.51,318.2 1 1
github.com/ottenwbe/go-streaming/pkg/pubsub/pub_sub.go:320.73,323.34 3 3
github.com/ottenwbe/go-streaming/pkg/pubsub/pub_sub.go:323.34,325.3 1 2
github.com/ottenwbe/go-streaming/pkg/pubsub/pub_sub.go:327.2,327.46 1 1
github.com/ottenwbe/go-streaming/pkg/pubsub/pub_sub.go:330.78,332.16 2 34
github.com/ottenwbe/go-streaming/pkg/pubsub/pub_sub.go:332.16,334.3 1 0
github.com/ottenwbe/go-streaming/pkg/pubsub/pub_sub.go:336.2,336.56 1 34
github.com/ottenwbe/go-streaming/pkg/pubsub/pub_sub.go:336.56,338.3 1 2
github.com/ottenwbe/go-streaming/pkg/pubsub/pub_sub.go:340.2,341.25 2 32
github.com/ottenwbe/go-streaming/pkg/pubsub/pub_sub.go:344.70,345.31 1 29
github.com/ottenwbe/go-streaming/pkg/pubsub/pub_sub.go:345.31,346.35 1 29
github.com/ottenwbe/go-streaming/pkg/pubsub/pub_sub.go:346.35,347.20 1 26
github.com/ottenwbe/go-streaming/pkg/pubsub/pub_sub.go:347.20,349.5 1 18
github.com/ottenwbe/go-streaming/pkg/pubsub/pub_sub.go:354.64,355.34 1 40
github.com/ottenwbe/go-streaming/pkg/pubsub/pub_sub.go:355.34,357.3 1 38
github.com/ottenwbe/go-streaming/pkg/pubsub/pub_sub.go:358.2,358.41 1 40
github.com/ottenwbe/go-streaming/pkg/pubsub/pub_sub.go:361.45,363.16 2 34
github.com/ottenwbe/go-streaming/pkg/pubsub/pub_sub.go:363.16,365.3 1 0
github.com/ottenwbe/go-streaming/pkg/pubsub/pub_sub.go:367.2,367.12 1 34
github.com/ottenwbe/go-streaming/pkg/pubsub/pub_sub.go:370.90,372.16 2 44
github.com/ottenwbe/go-streaming/pkg/pubsub/pub_sub.go:372.16,374.3 1 36
github.com/ottenwbe/go-streaming/pkg/pubsub/pub_sub.go:375.2,375.40 1 8
github.com/ottenwbe/go-streaming/pkg/pubsub/pub_sub.go:375.40,377.3 1 0
github.com/ottenwbe/go-streaming/pkg/pubsub/pub_sub.go:379.2,383.18 4 8
github.com/ottenwbe/go-streaming/pkg/pubsub/pub_sub.go:386.95,387.39 1 112
github.com/ottenwbe/go-streaming/pkg/pubsub/pub_sub.go:387.39,388.34 1 74
github.com/ottenwbe/go-streaming/pkg/pubsub/pub_sub.go:389.23,390.22 1 74
github.com/ottenwbe/go-streaming/pkg/pubsub/pub_sub.go:391.11,392.37 1 0
github.com/ottenwbe/go-streaming/pkg/pubsub/pub_sub.go:395.2,395.31 1 38
github.com/ottenwbe/go-streaming/pkg/pubsub/publisher.go:19.38,21.2 1 1
github.com/ottenwbe/go-streaming/pkg/pubsub/publisher.go:65.109,66.39 1 0
github.com/ottenwbe/go-streaming/pkg/pubsub/publisher.go:66.39,69.3 2 0
github.com/ottenwbe/go-streaming/pkg/pubsub/publisher.go:71.2,71.23 1 0
github.com/ottenwbe/go-streaming/pkg/pubsub/publisher.go:74.66,78.38 4 0
github.com/ottenwbe/go-streaming/pkg/pubsub/publisher.go:78.38,80.3 1 0
github.com/ottenwbe/go-streaming/pkg/pubsub/publisher.go:81.2,81.13 1 0
github.com/ottenwbe/go-streaming/pkg/pubsub/publisher.go:83.56,87.44 3 18
github.com/ottenwbe/go-streaming/pkg/pubsub/publisher.go:87.44,88.23 1 5
github.com/ottenwbe/go-streaming/pkg/pubsub/publisher.go:88.23,90.4 1 5
github.com/ottenwbe/go-streaming/pkg/pubsub/publisher.go:93.2,93.54 1 18
github.com/ottenwbe/go-streaming/pkg/pubsub/publisher.go:96.56,100.2 3 0
github.com/ottenwbe/go-streaming/pkg/pubsub/publisher.go:102.69,106.2 3 0
github.com/ottenwbe/go-streaming/pkg/pubsub/publisher.go:108.108,115.2 5 27
github.com/ottenwbe/go-streaming/pkg/pubsub/publisher.go:117.70,120.40 3 22
github.com/ottenwbe/go-streaming/pkg/pubsub/publisher.go:120.40,122.3 1 22
github.com/ottenwbe/go-streaming/pkg/pubsub/publisher.go:123.2,123.29 1 22
github.com/ottenwbe/go-streaming/pkg/pubsub/publisher.go:126.48,130.2 3 37
github.com/ottenwbe/go-streaming/pkg/pubsub/publisher.go:132.70,134.2 1 1
github.com/ottenwbe/go-streaming/pkg/pubsub/publisher.go:136.98,142.2 1 30
github.com/ottenwbe/go-streaming/pkg/pubsub/publisher.go:144.55,149.2 1 42
github.com/ottenwbe/go-streaming/pkg/pubsub/publisher.go:151.51,153.2 1 26
github.com/ottenwbe/go-streaming/pkg/pubsub/publisher.go:154.48,156.2 1 50
github.com/ottenwbe/go-streaming/pkg/pubsub/publisher.go:157.65,159.2 1 27
github.com/ottenwbe/go-streaming/pkg/pubsub/publisher.go:160.68,162.2 1 870
github.com/ottenwbe/go-streaming/pkg/pubsub/stream.go:68.31,72.16 3 42
github.com/ottenwbe/go-streaming/pkg/pubsub/stream.go:72.16,80.3 5 40
github.com/ottenwbe/go-streaming/pkg/pubsub/stream.go:83.41,85.2 1 26
github.com/ottenwbe/go-streaming/pkg/pubsub/stream.go:87.38,89.2 1 18
github.com/ottenwbe/go-streaming/pkg/pubsub/stream.go:91.53,96.11 3 44
github.com/ottenwbe/go-streaming/pkg/pubsub/stream.go:96.11,99.3 2 18
github.com/ottenwbe/go-streaming/pkg/pubsub/stream.go:101.2,101.60 1 44
github.com/ottenwbe/go-streaming/pkg/pubsub/stream.go:101.60,105.3 3 36
github.com/ottenwbe/go-streaming/pkg/pubsub/stream.go:106.2,106.14 1 8
github.com/ottenwbe/go-streaming/pkg/pubsub/stream.go:109.66,123.2 9 3
github.com/ottenwbe/go-streaming/pkg/pubsub/stream.go:125.62,129.17 3 869
github.com/ottenwbe/go-streaming/pkg/pubsub/stream.go:129.17,131.3 1 0
github.com/ottenwbe/go-streaming/pkg/pubsub/stream.go:133.2,134.43 2 869
github.com/ottenwbe/go-streaming/pkg/pubsub/stream.go:137.62,142.2 3 27
github.com/ottenwbe/go-streaming/pkg/pubsub/stream.go:154.42,156.2 1 869
github.com/ottenwbe/go-streaming/pkg/pubsub/stream.go:158.43,160.22 2 870
github.com/ottenwbe/go-streaming/pkg/pubsub/stream.go:160.22,164.3 3 0
github.com/ottenwbe/go-streaming/pkg/pubsub/stream.go:167.46,169.2 1 7
github.com/ottenwbe/go-streaming/pkg/pubsub/stream.go:171.47,173.2 1 7
github.com/ottenwbe/go-streaming/pkg/pubsub/stream.go:175.62,177.2 1 4
github.com/ottenwbe/go-streaming/pkg/pubsub/stream.go:179.44,186.41 5 3
github.com/ottenwbe/go-streaming/pkg/pubsub/stream.go:186.41,188.3 1 0
github.com/ottenwbe/go-streaming/pkg/pubsub/stream.go:191.40,195.2 3 52
github.com/ottenwbe/go-streaming/pkg/pubsub/stream.go:217.80,238.2 5 42
github.com/ottenwbe/go-streaming/pkg/pubsub/stream.go:240.130,241.31 1 45
github.com/ottenwbe/go-streaming/pkg/pubsub/stream.go:241.31,242.24 1 11
github.com/ottenwbe/go-streaming/pkg/pubsub/stream.go:242.24,244.4 1 1
github.com/ottenwbe/go-streaming/pkg/pubsub/stream.go:244.9,246.4 1 10
github.com/ottenwbe/go-streaming/pkg/pubsub/stream.go:247.8,249.3 1 34
github.com/ottenwbe/go-streaming/pkg/pubsub/stream.go:250.2,250.21 1 45
github.com/ottenwbe/go-streaming/pkg/pubsub/stream.go:255.80,260.2 2 34
github.com/ottenwbe/go-streaming/pkg/pubsub/stream.go:263.109,266.37 2 10
github.com/ottenwbe/go-streaming/pkg/pubsub/stream.go:266.37,268.3 1 0
github.com/ottenwbe/go-streaming/pkg/pubsub/stream.go:268.8,270.3 1 10
github.com/ottenwbe/go-streaming/pkg/pubsub/stream.go:271.2,276.10 2 10
github.com/ottenwbe/go-streaming/pkg/pubsub/stream.go:280.122,292.2 3 1
github.com/ottenwbe/go-streaming/pkg/pubsub/stream.go:294.39,295.2 0 30
github.com/ottenwbe/go-streaming/pkg/pubsub/stream.go:297.71,299.2 1 50
github.com/ottenwbe/go-streaming/pkg/pubsub/stream.go:301.46,306.2 4 1
github.com/ottenwbe/go-streaming/pkg/pubsub/stream.go:308.44,310.21 2 1
github.com/ottenwbe/go-streaming/pkg/pubsub/stream.go:310.21,312.23 1 1
github.com/ottenwbe/go-streaming/pkg/pubsub/stream.go:312.23,314.16 2 51
github.com/ottenwbe/go-streaming/pkg/pubsub/stream.go:314.16,316.5 1 50
github.com/ottenwbe/go-streaming/pkg/pubsub/stream.go:321.39,324.2 2 8
github.com/ottenwbe/go-streaming/pkg/pubsub/stream.go:326.37,329.21 1 9
github.com/ottenwbe/go-streaming/pkg/pubsub/stream.go:329.21,330.31 1 9
github.com/ottenwbe/go-streaming/pkg/pubsub/stream.go:330.31,331.16 1 8
github.com/ottenwbe/go-streaming/pkg/pubsub/stream.go:331.16,333.5 1 8
github.com/ottenwbe/go-streaming/pkg/pubsub/stream.go:339.37,340.2 0 33
github.com/ottenwbe/go-streaming/pkg/pubsub/stream.go:342.54,344.2 1 0
github.com/ottenwbe/go-streaming/pkg/pubsub/stream.go:346.67,348.2 1 811
github.com/ottenwbe/go-streaming/pkg/pubsub/stream.go:350.68,351.15 1 8
github.com/ottenwbe/go-streaming/pkg/pubsub/stream.go:351.15,353.31 1 8
github.com/ottenwbe/go-streaming/pkg/pubsub/stream.go:353.31,355.4 1 0
github.com/ottenwbe/go-streaming/pkg/pubsub/stream.go:357.2,358.12 2 8
github.com/ottenwbe/go-streaming/pkg/pubsub/stream.go:361.66,366.2 3 22
github.com/ottenwbe/go-streaming/pkg/pubsub/stream.go:368.54,373.2 3 13
github.com/ottenwbe/go-streaming/pkg/pubsub/stream.go:375.127,379.28 3 16
github.com/ottenwbe/go-streaming/pkg/pubsub/stream.go:379.28,381.3 1 16
github.com/ottenwbe/go-streaming/pkg/pubsub/stream.go:383.2,383.31 1 0
github.com/ottenwbe/go-streaming/pkg/pubsub/stream.go:386.136,390.28 3 1
github.com/ottenwbe/go-streaming/pkg/pubsub/stream.go:390.28,392.3 1 1
github.com/ottenwbe/go-streaming/pkg/pubsub/stream.go:393.2,393.31 1 0
github.com/ottenwbe/go-streaming/pkg/pubsub/stream.go:396.43,396.81 1 0
github.com/ottenwbe/go-streaming/pkg/pubsub/stream.go:398.56,400.2 1 5
github.com/ottenwbe/go-streaming/pkg/pubsub/stream.go:402.39,404.2 1 224
github.com/ottenwbe/go-streaming/pkg/pubsub/stream.go:406.47,408.2 1 88
github.com/ottenwbe/go-streaming/pkg/pubsub/stream.go:410.64,412.2 1 0
github.com/ottenwbe/go-streaming/pkg/pubsub/stream.go:414.59,416.2 1 44
github.com/ottenwbe/go-streaming/pkg/pubsub/stream.go:418.32,420.2 1 0
github.com/ottenwbe/go-streaming/pkg/pubsub/stream.go:422.34,424.2 1 0
github.com/ottenwbe/go-streaming/pkg/pubsub/stream.go:426.58,428.2 1 0
github.com/ottenwbe/go-streaming/pkg/pubsub/stream_id.go:38.50,41.2 2 2
github.com/ottenwbe/go-streaming/pkg/pubsub/stream_id.go:44.53,47.16 3 8
github.com/ottenwbe/go-streaming/pkg/pubsub/stream_id.go:47.16,49.3 1 0
github.com/ottenwbe/go-streaming/pkg/pubsub/stream_id.go:50.2,50.41 1 8
github.com/ottenwbe/go-streaming/pkg/pubsub/stream_id.go:54.55,57.2 2 2
github.com/ottenwbe/go-streaming/pkg/pubsub/stream_id.go:64.28,70.2 4 152
github.com/ottenwbe/go-streaming/pkg/pubsub/stream_id.go:72.30,78.2 4 152
github.com/ottenwbe/go-streaming/pkg/pubsub/stream_id.go:80.63,84.41 3 9
github.com/ottenwbe/go-streaming/pkg/pubsub/stream_id.go:84.41,86.3 1 8
github.com/ottenwbe/go-streaming/pkg/pubsub/stream_id.go:87.2,87.60 1 1
github.com/ottenwbe/go-streaming/pkg/pubsub/stream_id.go:90.71,92.9 2 9
github.com/ottenwbe/go-streaming/pkg/pubsub/stream_id.go:92.9,94.3 1 0
github.com/ottenwbe/go-streaming/pkg/pubsub/stream_id.go:95.2,95.36 1 9
github.com/ottenwbe/go-streaming/pkg/pubsub/stream_id.go:99.75,101.49 2 6
github.com/ottenwbe/go-streaming/pkg/pubsub/stream_id.go:101.49,103.3 1 0
github.com/ottenwbe/go-streaming/pkg/pubsub/stream_id.go:104.2,104.41 1 6
github.com/ottenwbe/go-streaming/pkg/pubsub/stream_id.go:108.51,110.46 2 0
github.com/ottenwbe/go-streaming/pkg/pubsub/stream_id.go:110.46,112.3 1 0
github.com/ottenwbe/go-streaming/pkg/pubsub/stream_id.go:113.2,113.15 1 0
github.com/ottenwbe/go-streaming/pkg/pubsub/stream_id.go:117.45,119.2 1 0
github.com/ottenwbe/go-streaming/pkg/pubsub/stream_id.go:122.50,124.46 2 0
github.com/ottenwbe/go-streaming/pkg/pubsub/stream_id.go:124.46,126.3 1 0
github.com/ottenwbe/go-streaming/pkg/pubsub/stream_id.go:127.2,127.15 1 0
github.com/ottenwbe/go-streaming/pkg/pubsub/stream_id.go:131.44,133.2 1 0
github.com/ottenwbe/go-streaming/pkg/pubsub/stream_id.go:135.72,137.43 2 14
github.com/ottenwbe/go-streaming/pkg/pubsub/stream_id.go:137.43,139.10 2 11
github.com/ottenwbe/go-streaming/pkg/pubsub/stream_id.go:139.10,141.4 1 2
github.com/ottenwbe/go-streaming/pkg/pubsub/stream_id.go:142.8,144.3 1 3
github.com/ottenwbe/go-streaming/pkg/pubsub/stream_id.go:146.2,146.46 1 9
github.com/ottenwbe/go-streaming/pkg/pubsub/stream_id.go:146.46,150.3 3 9
github.com/ottenwbe/go-streaming/pkg/pubsub/stream_id.go:151.2,151.12 1 0
github.com/ottenwbe/go-streaming/pkg/pubsub/stream_id.go:154.57,157.24 2 4
github.com/ottenwbe/go-streaming/pkg/pubsub/stream_id.go:157.24,159.3 1 4
github.com/ottenwbe/go-streaming/pkg/pubsub/stream_id.go:161.2,165.13 2 4
github.com/ottenwbe/go-streaming/pkg/pubsub/stream_id.go:171.33,172.14 1 43
github.com/ottenwbe/go-streaming/pkg/pubsub/stream_id.go:172.14,174.3 1 0
github.com/ottenwbe/go-streaming/pkg/pubsub/stream_id.go:175.2,175.28 1 43
github.com/ottenwbe/go-streaming/pkg/pubsub/stream_id.go:179.36,181.2 1 1
github.com/ottenwbe/go-streaming/pkg/pubsub/stream_id.go:184.29,189.2 1 5
github.com/ottenwbe/go-streaming/pkg/pubsub/stream_id.go:192.32,194.2 1 7
github.com/ottenwbe/go-streaming/pkg/pubsub/stream_id.go:197.49,202.2 1 94
github.com/ottenwbe/go-streaming/pkg/pubsub/subscriber.go:42.39,44.2 1 1
github.com/ottenwbe/go-streaming/pkg/pubsub/subscriber.go:47.37,49.2 1 0
github.com/ottenwbe/go-streaming/pkg/pubsub/subscriber.go:83.110,91.2 3 2
github.com/ottenwbe/go-streaming/pkg/pubsub/subscriber.go:93.180,105.21 4 25
github.com/ottenwbe/go-streaming/pkg/pubsub/subscriber.go:105.21,109.3 3 24
github.com/ottenwbe/go-streaming/pkg/pubsub/subscriber.go:109.8,109.33 1 1
github.com/ottenwbe/go-streaming/pkg/pubsub/subscriber.go:109.33,113.3 3 1
github.com/ottenwbe/go-streaming/pkg/pubsub/subscriber.go:115.2,115.12 1 25
github.com/ottenwbe/go-streaming/pkg/pubsub/subscriber.go:118.40,120.2 1 3
github.com/ottenwbe/go-streaming/pkg/pubsub/subscriber.go:122.70,123.15 1 62
github.com/ottenwbe/go-streaming/pkg/pubsub/subscriber.go:123.15,124.31 1 62
github.com/ottenwbe/go-streaming/pkg/pubsub/subscriber.go:124.31,126.4 1 0
github.com/ottenwbe/go-streaming/pkg/pubsub/subscriber.go:128.2,128.21 1 62
github.com/ottenwbe/go-streaming/pkg/pubsub/subscriber.go:128.21,130.3 1 61
github.com/ottenwbe/go-streaming/pkg/pubsub/subscriber.go:131.2,131.12 1 62
github.com/ottenwbe/go-streaming/pkg/pubsub/subscriber.go:134.64,136.2 0 0
github.com/ottenwbe/go-streaming/pkg/pubsub/subscriber.go:138.52,140.2 1 3
github.com/ottenwbe/go-streaming/pkg/pubsub/subscriber.go:142.50,144.2 1 5
github.com/ottenwbe/go-streaming/pkg/pubsub/subscriber.go:146.71,148.2 1 813
github.com/ottenwbe/go-streaming/pkg/pubsub/subscriber.go:150.73,152.2 0 0
github.com/ottenwbe/go-streaming/pkg/pubsub/subscriber.go:154.65,156.2 0 0
github.com/ottenwbe/go-streaming/pkg/pubsub/subscriber.go:158.41,163.2 4 25
github.com/ottenwbe/go-streaming/pkg/pubsub/subscriber.go:165.53,167.2 1 15
github.com/ottenwbe/go-streaming/pkg/pubsub/subscriber.go:169.51,171.2 1 38
github.com/ottenwbe/go-streaming/pkg/pubsub/subscriber.go:173.51,176.22 3 1
github.com/ottenwbe/go-streaming/pkg/pubsub/subscriber.go:176.22,178.15 2 0
github.com/ottenwbe/go-streaming/pkg/pubsub/subscriber.go:178.15,180.4 1 0
github.com/ottenwbe/go-streaming/pkg/pubsub/subscriber.go:184.46,187.22 3 24
github.com/ottenwbe/go-streaming/pkg/pubsub/subscriber.go:187.22,189.15 2 826
github.com/ottenwbe/go-streaming/pkg/pubsub/subscriber.go:189.15,191.4 1 811
github.com/ottenwbe/go-streaming/pkg/pubsub/subscriber.go:191.9,194.4 1 15
github.com/ottenwbe/go-streaming/pkg/pubsub/subscriber.go:206.111,214.2 2 51
github.com/ottenwbe/go-streaming/pkg/pubsub/subscriber.go:216.158,221.22 4 27
github.com/ottenwbe/go-streaming/pkg/pubsub/subscriber.go:221.22,225.52 2 2
github.com/ottenwbe/go-streaming/pkg/pubsub/subscriber.go:225.52,227.4 1 1
github.com/ottenwbe/go-streaming/pkg/pubsub/subscriber.go:231.2,232.35 2 26
github.com/ottenwbe/go-streaming/pkg/pubsub/subscriber.go:232.35,234.3 1 24
github.com/ottenwbe/go-streaming/pkg/pubsub/subscriber.go:234.8,236.3 1 2
github.com/ottenwbe/go-streaming/pkg/pubsub/subscriber.go:238.2,240.17 2 26
github.com/ottenwbe/go-streaming/pkg/pubsub/subscriber.go:243.167,248.22 4 1
github.com/ottenwbe/go-streaming/pkg/pubsub/subscriber.go:248.22,252.35 2 1
github.com/ottenwbe/go-streaming/pkg/pubsub/subscriber.go:252.35,254.4 1 0
github.com/ottenwbe/go-streaming/pkg/pubsub/subscriber.go:257.2,260.51 3 1
github.com/ottenwbe/go-streaming/pkg/pubsub/subscriber.go:260.51,262.17 2 0
github.com/ottenwbe/go-streaming/pkg/pubsub/subscriber.go:262.17,264.4 1 0
github.com/ottenwbe/go-streaming/pkg/pubsub/subscriber.go:265.3,265.55 1 0
github.com/ottenwbe/go-streaming/pkg/pubsub/subscriber.go:266.8,269.3 1 1
github.com/ottenwbe/go-streaming/pkg/pubsub/subscriber.go:270.2,274.17 3 1
github.com/ottenwbe/go-streaming/pkg/pubsub/subscriber.go:277.117,278.14 1 25
github.com/ottenwbe/go-streaming/pkg/pubsub/subscriber.go:278.14,279.42 1 0
github.com/ottenwbe/go-streaming/pkg/pubsub/subscriber.go:279.42,281.4 1 0
github.com/ottenwbe/go-streaming/pkg/pubsub/subscriber.go:282.3,282.47 1 0
github.com/ottenwbe/go-streaming/pkg/pubsub/subscriber.go:285.2,285.41 1 25
github.com/ottenwbe/go-streaming/pkg/pubsub/subscriber.go:285.41,287.3 1 1
github.com/ottenwbe/go-streaming/pkg/pubsub/subscriber.go:288.2,288.41 1 24
github.com/ottenwbe/go-streaming/pkg/pubsub/subscriber.go:291.44,296.32 4 28
github.com/ottenwbe/go-streaming/pkg/pubsub/subscriber.go:296.32,299.3 2 13
github.com/ottenwbe/go-streaming/pkg/pubsub/subscriber.go:300.2,300.12 1 28
github.com/ottenwbe/go-streaming/pkg/pubsub/subscriber.go:303.54,306.33 3 14
github.com/ottenwbe/go-streaming/pkg/pubsub/subscriber.go:306.33,309.3 2 14
github.com/ottenwbe/go-streaming/pkg/pubsub/subscriber.go:312.66,318.36 3 870
github.com/ottenwbe/go-streaming/pkg/pubsub/subscriber.go:318.36,319.19 1 869
github.com/ottenwbe/go-streaming/pkg/pubsub/subscriber.go:319.19,320.63 1 869
github.com/ottenwbe/go-streaming/pkg/pubsub/subscriber.go:320.63,322.5 1 0
github.com/ottenwbe/go-streaming/pkg/pubsub/subscriber.go:325.2,327.12 2 870
github.com/ottenwbe/go-streaming/pkg/pubsub/subscriber.go:348.62,352.38 4 870
github.com/ottenwbe/go-streaming/pkg/pubsub/subscriber.go:352.38,354.3 1 869
github.com/ottenwbe/go-streaming/pkg/pubsub/subscriber.go:355.2,355.26 1 870
github.com/ottenwbe/go-streaming/pkg/pubsub/subscriber.go:358.40,363.2 3 49
github.com/ottenwbe/go-streaming/pkg/pubsub/subscriber.go:365.64,371.36 5 0
github.com/ottenwbe/go-streaming/pkg/pubsub/subscriber.go:371.36,373.3 1 0
github.com/ottenwbe/go-streaming/pkg/pubsub/subscriber.go:374.2,374.58 1 0
github.com/ottenwbe/go-streaming/pkg/pubsub/subscriber.go:377.38,378.15 1 45
github.com/ottenwbe/go-streaming/pkg/pubsub/subscriber.go:378.15,380.3 1 45
github.com/ottenwbe/go-streaming/pkg/events/buffer.go:33.46,37.2 1 4
github.com/ottenwbe/go-streaming/pkg/events/buffer.go:40.46,42.2 1 36
github.com/ottenwbe/go-streaming/pkg/events/buffer.go:45.36,47.2 1 54
github.com/ottenwbe/go-streaming/pkg/events/buffer.go:50.42,52.2 1 10
github.com/ottenwbe/go-streaming/pkg/events/buffer.go:55.40,56.12 1 0
github.com/ottenwbe/go-streaming/pkg/events/buffer.go:56.12,58.3 1 0
github.com/ottenwbe/go-streaming/pkg/events/buffer.go:59.2,59.23 1 0
github.com/ottenwbe/go-streaming/pkg/events/buffer.go:59.23,61.3 1 0
github.com/ottenwbe/go-streaming/pkg/events/buffer.go:62.2,62.25 1 0
github.com/ottenwbe/go-streaming/pkg/events/buffer.go:62.25,64.3 1 0
github.com/ottenwbe/go-streaming/pkg/events/buffer.go:65.2,65.25 1 0
github.com/ottenwbe/go-streaming/pkg/events/buffer.go:134.45,136.2 1 38
github.com/ottenwbe/go-streaming/pkg/events/buffer.go:138.35,140.2 1 97
github.com/ottenwbe/go-streaming/pkg/events/buffer.go:142.46,151.2 2 28
github.com/ottenwbe/go-streaming/pkg/events/buffer.go:154.46,159.2 2 10
github.com/ottenwbe/go-streaming/pkg/events/buffer.go:163.61,171.2 2 3
github.com/ottenwbe/go-streaming/pkg/events/buffer.go:174.62,182.2 2 2
github.com/ottenwbe/go-streaming/pkg/events/buffer.go:185.93,194.2 2 0
github.com/ottenwbe/go-streaming/pkg/events/buffer.go:197.75,203.2 2 13
github.com/ottenwbe/go-streaming/pkg/events/buffer.go:205.42,210.2 3 0
github.com/ottenwbe/go-streaming/pkg/events/buffer.go:212.41,216.15 3 23
github.com/ottenwbe/go-streaming/pkg/events/buffer.go:216.15,218.3 1 3
github.com/ottenwbe/go-streaming/pkg/events/buffer.go:219.2,220.15 2 20
github.com/ottenwbe/go-streaming/pkg/events/buffer.go:223.38,226.2 2 1053
github.com/ottenwbe/go-streaming/pkg/events/buffer.go:228.58,231.9 3 8
github.com/ottenwbe/go-streaming/pkg/events/buffer.go:232.13,234.13 2 8
github.com/ottenwbe/go-streaming/pkg/events/buffer.go:235.20,237.19 2 0
github.com/ottenwbe/go-streaming/pkg/events/buffer.go:241.36,243.2 1 41
github.com/ottenwbe/go-streaming/pkg/events/buffer.go:245.46,247.2 1 0
github.com/ottenwbe/go-streaming/pkg/events/buffer.go:249.44,253.2 3 4
github.com/ottenwbe/go-streaming/pkg/events/buffer.go:258.79,262.33 3 3
github.com/ottenwbe/go-streaming/pkg/events/buffer.go:262.33,263.37 1 2
github.com/ottenwbe/go-streaming/pkg/events/buffer.go:263.37,265.4 1 0
github.com/ottenwbe/go-streaming/pkg/events/buffer.go:268.2,268.17 1 3
github.com/ottenwbe/go-streaming/pkg/events/buffer.go:268.17,270.3 1 2
github.com/ottenwbe/go-streaming/pkg/events/buffer.go:271.2,271.17 1 1
github.com/ottenwbe/go-streaming/pkg/events/buffer.go:274.87,280.33 4 10
github.com/ottenwbe/go-streaming/pkg/events/buffer.go:280.33,281.37 1 2
github.com/ottenwbe/go-streaming/pkg/events/buffer.go:281.37,283.4 1 0
github.com/ottenwbe/go-streaming/pkg/events/buffer.go:286.2,286.17 1 10
github.com/ottenwbe/go-streaming/pkg/events/buffer.go:286.17,291.3 4 9
github.com/ottenwbe/go-streaming/pkg/events/buffer.go:293.2,293.17 1 1
github.com/ottenwbe/go-streaming/pkg/events/buffer.go:297.97,299.16 2 10
github.com/ottenwbe/go-streaming/pkg/events/buffer.go:299.16,301.3 1 0
github.com/ottenwbe/go-streaming/pkg/events/buffer.go:302.2,302.14 1 10
github.com/ottenwbe/go-streaming/pkg/events/buffer.go:302.14,304.3 1 9
github.com/ottenwbe/go-streaming/pkg/events/buffer.go:305.2,305.17 1 1
github.com/ottenwbe/go-streaming/pkg/events/buffer.go:309.88,313.15 3 1
github.com/ottenwbe/go-streaming/pkg/events/buffer.go:313.15,315.3 1 0
github.com/ottenwbe/go-streaming/pkg/events/buffer.go:317.2,319.12 3 1
github.com/ottenwbe/go-streaming/pkg/events/buffer.go:323.84,327.15 3 1011
github.com/ottenwbe/go-streaming/pkg/events/buffer.go:327.15,329.3 1 0
github.com/ottenwbe/go-streaming/pkg/events/buffer.go:331.2,333.12 3 1011
github.com/ottenwbe/go-streaming/pkg/events/buffer.go:337.94,341.15 3 2
github.com/ottenwbe/go-streaming/pkg/events/buffer.go:341.15,343.3 1 0
github.com/ottenwbe/go-streaming/pkg/events/buffer.go:345.2,345.17 1 2
github.com/ottenwbe/go-streaming/pkg/events/buffer.go:345.17,346.28 1 0
github.com/ottenwbe/go-streaming/pkg/events/buffer.go:346.28,348.4 1 0
github.com/ottenwbe/go-streaming/pkg/events/buffer.go:349.3,349.44 1 0
github.com/ottenwbe/go-streaming/pkg/events/buffer.go:349.44,350.38 1 0
github.com/ottenwbe/go-streaming/pkg/events/buffer.go:350.38,352.5 1 0
github.com/ottenwbe/go-streaming/pkg/events/buffer.go:353.4,353.17 1 0
github.com/ottenwbe/go-streaming/pkg/events/buffer.go:353.17,355.5 1 0
github.com/ottenwbe/go-streaming/pkg/events/buffer.go:359.2,363.49 2 2
github.com/ottenwbe/go-streaming/pkg/events/buffer.go:363.49,365.3 1 6
github.com/ottenwbe/go-streaming/pkg/events/buffer.go:367.2,368.12 2 2
github.com/ottenwbe/go-streaming/pkg/events/buffer.go:372.90,376.15 3 3
github.com/ottenwbe/go-streaming/pkg/events/buffer.go:376.15,378.3 1 0
github.com/ottenwbe/go-streaming/pkg/events/buffer.go:380.2,380.17 1 3
github.com/ottenwbe/go-streaming/pkg/events/buffer.go:380.17,381.33 1 0
github.com/ottenwbe/go-streaming/pkg/events/buffer.go:381.33,382.38 1 0
github.com/ottenwbe/go-streaming/pkg/events/buffer.go:382.38,384.5 1 0
github.com/ottenwbe/go-streaming/pkg/events/buffer.go:385.4,385.17 1 0
github.com/ottenwbe/go-streaming/pkg/events/buffer.go:385.17,387.5 1 0
github.com/ottenwbe/go-streaming/pkg/events/buffer.go:391.2,391.53 1 3
github.com/ottenwbe/go-streaming/pkg/events/buffer.go:391.53,393.3 1 3
github.com/ottenwbe/go-streaming/pkg/events/buffer.go:395.2,400.12 5 3
github.com/ottenwbe/go-streaming/pkg/events/buffer.go:404.103,406.16 2 3
github.com/ottenwbe/go-streaming/pkg/events/buffer.go:406.16,408.3 1 0
github.com/ottenwbe/go-streaming/pkg/events/buffer.go:409.2,409.40 1 3
github.com/ottenwbe/go-streaming/pkg/events/buffer.go:409.40,413.3 3 0
github.com/ottenwbe/go-streaming/pkg/events/buffer.go:414.2,414.24 1 3
github.com/ottenwbe/go-streaming/pkg/events/buffer.go:418.99,420.16 2 0
github.com/ottenwbe/go-streaming/pkg/events/buffer.go:420.16,422.3 1 0
github.com/ottenwbe/go-streaming/pkg/events/buffer.go:423.2,423.33 1 0
github.com/ottenwbe/go-streaming/pkg/events/buffer.go:423.33,428.3 3 0
github.com/ottenwbe/go-streaming/pkg/events/buffer.go:429.2,429.19 1 0
github.com/ottenwbe/go-streaming/pkg/events/buffer.go:435.101,446.36 4 23
github.com/ottenwbe/go-streaming/pkg/events/buffer.go:446.36,447.37 1 3
github.com/ottenwbe/go-streaming/pkg/events/buffer.go:447.37,449.4 1 0
github.com/ottenwbe/go-streaming/pkg/events/buffer.go:450.3,450.66 1 3
github.com/ottenwbe/go-streaming/pkg/events/buffer.go:453.2,454.25 2 23
github.com/ottenwbe/go-streaming/pkg/events/buffer.go:454.25,459.3 3 21
github.com/ottenwbe/go-streaming/pkg/events/buffer.go:461.2,461.20 1 23
github.com/ottenwbe/go-streaming/pkg/events/buffer.go:461.20,467.34 5 22
github.com/ottenwbe/go-streaming/pkg/events/buffer.go:467.34,469.4 1 1
github.com/ottenwbe/go-streaming/pkg/events/buffer.go:471.3,471.36 1 22
github.com/ottenwbe/go-streaming/pkg/events/buffer.go:471.36,473.4 1 28
github.com/ottenwbe/go-streaming/pkg/events/buffer.go:474.3,477.29 3 22
github.com/ottenwbe/go-streaming/pkg/events/buffer.go:479.2,479.17 1 1
github.com/ottenwbe/go-streaming/pkg/events/buffer.go:483.92,487.15 3 10
github.com/ottenwbe/go-streaming/pkg/events/buffer.go:487.15,489.3 1 0
github.com/ottenwbe/go-streaming/pkg/events/buffer.go:491.2,495.12 4 10
github.com/ottenwbe/go-streaming/pkg/events/buffer.go:499.88,503.15 3 3
github.com/ottenwbe/go-streaming/pkg/events/buffer.go:503.15,505.3 1 0
github.com/ottenwbe/go-streaming/pkg/events/buffer.go:507.2,511.12 4 3
github.com/ottenwbe/go-streaming/pkg/events/buffer.go:515.95,519.27 3 1
github.com/ottenwbe/go-streaming/pkg/events/buffer.go:519.27,521.3 1 1
github.com/ottenwbe/go-streaming/pkg/events/buffer.go:522.2,522.15 1 0
github.com/ottenwbe/go-streaming/pkg/events/buffer.go:522.15,524.3 1 0
github.com/ottenwbe/go-streaming/pkg/events/buffer.go:526.2,526.43 1 0
github.com/ottenwbe/go-streaming/pkg/events/buffer.go:526.43,527.37 1 0
github.com/ottenwbe/go-streaming/pkg/events/buffer.go:527.37,529.4 1 0
github.com/ottenwbe/go-streaming/pkg/events/buffer.go:530.3,530.16 1 0
github.com/ottenwbe/go-streaming/pkg/events/buffer.go:530.16,532.4 1 0
github.com/ottenwbe/go-streaming/pkg/events/buffer.go:535.2,537.12 3 0
github.com/ottenwbe/go-streaming/pkg/events/buffer.go:541.91,545.15 3 2
github.com/ottenwbe/go-streaming/pkg/events/buffer.go:545.15,547.3 1 0
github.com/ottenwbe/go-streaming/pkg/events/buffer.go:549.2,549.32 1 2
github.com/ottenwbe/go-streaming/pkg/events/buffer.go:549.32,550.37 1 1
github.com/ottenwbe/go-streaming/pkg/events/buffer.go:550.37,552.4 1 0
github.com/ottenwbe/go-streaming/pkg/events/buffer.go:553.3,553.16 1 1
github.com/ottenwbe/go-streaming/pkg/events/buffer.go:553.16,555.4 1 0
github.com/ottenwbe/go-streaming/pkg/events/buffer.go:558.2,560.12 3 2
github.com/ottenwbe/go-streaming/pkg/events/buffer.go:564.104,566.16 2 1
github.com/ottenwbe/go-streaming/pkg/events/buffer.go:566.16,568.3 1 0
github.com/ottenwbe/go-streaming/pkg/events/buffer.go:570.2,570.25 1 1
github.com/ottenwbe/go-streaming/pkg/events/buffer.go:570.25,575.3 3 1
github.com/ottenwbe/go-streaming/pkg/events/buffer.go:576.2,576.24 1 1
github.com/ottenwbe/go-streaming/pkg/events/buffer.go:580.100,582.16 2 0
github.com/ottenwbe/go-streaming/pkg/events/buffer.go:582.16,584.3 1 0
github.com/ottenwbe/go-streaming/pkg/events/buffer.go:585.2,585.18 1 0
github.com/ottenwbe/go-streaming/pkg/events/buffer.go:585.18,590.3 3 0
github.com/ottenwbe/go-streaming/pkg/events/buffer.go:591.2,591.19 1 0
github.com/ottenwbe/go-streaming/pkg/events/buffer.go:595.99,599.27 3 0
github.com/ottenwbe/go-streaming/pkg/events/buffer.go:599.27,601.3 1 0
github.com/ottenwbe/go-streaming/pkg/events/buffer.go:602.2,602.15 1 0
github.com/ottenwbe/go-streaming/pkg/events/buffer.go:602.15,604.3 1 0
github.com/ottenwbe/go-streaming/pkg/events/buffer.go:606.2,606.43 1 0
github.com/ottenwbe/go-streaming/pkg/events/buffer.go:606.43,607.37 1 0
github.com/ottenwbe/go-streaming/pkg/events/buffer.go:607.37,609.4 1 0
github.com/ottenwbe/go-streaming/pkg/events/buffer.go:610.3,610.16 1 0
github.com/ottenwbe/go-streaming/pkg/events/buffer.go:610.16,612.4 1 0
github.com/ottenwbe/go-streaming/pkg/events/buffer.go:615.2,619.12 4 0
github.com/ottenwbe/go-streaming/pkg/events/buffer.go:623.95,627.15 3 0
github.com/ottenwbe/go-streaming/pkg/events/buffer.go:627.15,629.3 1 0
github.com/ottenwbe/go-streaming/pkg/events/buffer.go:631.2,631.32 1 0
github.com/ottenwbe/go-streaming/pkg/events/buffer.go:631.32,632.37 1 0
github.com/ottenwbe/go-streaming/pkg/events/buffer.go:632.37,634.4 1 0
github.com/ottenwbe/go-streaming/pkg/events/buffer.go:635.3,635.16 1 0
github.com/ottenwbe/go-streaming/pkg/events/buffer.go:635.16,637.4 1 0
github.com/ottenwbe/go-streaming/pkg/events/buffer.go:640.2,644.12 4 0
github.com/ottenwbe/go-streaming/pkg/events/buffer.go:648.108,650.16 2 0
github.com/ottenwbe/go-streaming/pkg/events/buffer.go:650.16,652.3 1 0
github.com/ottenwbe/go-streaming/pkg/events/buffer.go:654.2,654.25 1 0
github.com/ottenwbe/go-streaming/pkg/events/buffer.go:654.25,658.3 3 0
github.com/ottenwbe/go-streaming/pkg/events/buffer.go:659.2,659.24 1 0
github.com/ottenwbe/go-streaming/pkg/events/buffer.go:662.104,664.16 2 0
github.com/ottenwbe/go-streaming/pkg/events/buffer.go:664.16,666.3 1 0
github.com/ottenwbe/go-streaming/pkg/events/buffer.go:667.2,667.14 1 0
github.com/ottenwbe/go-streaming/pkg/events/buffer.go:667.14,671.3 3 0
github.com/ottenwbe/go-streaming/pkg/events/buffer.go:672.2,672.15 1 0
github.com/ottenwbe/go-streaming/pkg/events/buffer.go:675.38,677.2 1 0
github.com/ottenwbe/go-streaming/pkg/events/buffer.go:679.39,683.2 3 0
github.com/ottenwbe/go-streaming/pkg/events/buffer.go:685.56,690.2 1 0
github.com/ottenwbe/go-streaming/pkg/events/event.go:32.63,36.2 1 0
github.com/ottenwbe/go-streaming/pkg/events/event.go:38.63,40.2 1 1063
github.com/ottenwbe/go-streaming/pkg/events/event.go:42.94,44.2 1 1
github.com/ottenwbe/go-streaming/pkg/events/event.go:46.80,48.2 1 4
github.com/ottenwbe/go-streaming/pkg/events/event.go:50.111,52.2 1 1
github.com/ottenwbe/go-streaming/pkg/events/event.go:54.72,57.16 3 1
github.com/ottenwbe/go-streaming/pkg/events/event.go:57.16,59.3 1 0
github.com/ottenwbe/go-streaming/pkg/events/event.go:61.2,61.67 1 1
github.com/ottenwbe/go-streaming/pkg/events/event.go:67.28,73.2 1 1068
github.com/ottenwbe/go-streaming/pkg/events/event.go:75.59,77.31 2 2
github.com/ottenwbe/go-streaming/pkg/events/event.go:77.31,78.19 1 4
github.com/ottenwbe/go-streaming/pkg/events/event.go:78.19,80.4 1 4
github.com/ottenwbe/go-streaming/pkg/events/event.go:82.2,82.20 1 2
github.com/ottenwbe/go-streaming/pkg/events/event.go:89.28,95.2 1 2
github.com/ottenwbe/go-streaming/pkg/events/event.go:97.56,99.2 1 110
github.com/ottenwbe/go-streaming/pkg/events/event.go:101.57,103.2 1 3
github.com/ottenwbe/go-streaming/pkg/events/event.go:105.69,107.2 1 22
github.com/ottenwbe/go-streaming/pkg/events/selection_policy.go:21.40,23.2 1 23
github.com/ottenwbe/go-streaming/pkg/events/selection_policy.go:58.41,59.40 1 0
github.com/ottenwbe/go-streaming/pkg/events/selection_policy.go:59.40,64.3 4 0
github.com/ottenwbe/go-streaming/pkg/events/selection_policy.go:68.60,69.40 1 0
github.com/ottenwbe/go-streaming/pkg/events/selection_policy.go:69.40,74.3 4 0
github.com/ottenwbe/go-streaming/pkg/events/selection_policy.go:78.107,79.40 1 0
github.com/ottenwbe/go-streaming/pkg/events/selection_policy.go:79.40,85.3 5 0
github.com/ottenwbe/go-streaming/pkg/events/selection_policy.go:89.112,90.40 1 0
github.com/ottenwbe/go-streaming/pkg/events/selection_policy.go:90.40,96.3 5 0
github.com/ottenwbe/go-streaming/pkg/events/selection_policy.go:100.110,101.40 1 0
github.com/ottenwbe/go-streaming/pkg/events/selection_policy.go:101.40,107.3 5 0
github.com/ottenwbe/go-streaming/pkg/events/selection_policy.go:140.66,142.2 1 31
github.com/ottenwbe/go-streaming/pkg/events/selection_policy.go:144.83,146.2 1 19
github.com/ottenwbe/go-streaming/pkg/events/selection_policy.go:148.75,150.22 2 25
github.com/ottenwbe/go-streaming/pkg/events/selection_policy.go:150.22,152.3 1 16
github.com/ottenwbe/go-streaming/pkg/events/selection_policy.go:152.8,154.3 1 9
github.com/ottenwbe/go-streaming/pkg/events/selection_policy.go:157.43,160.2 2 15
github.com/ottenwbe/go-streaming/pkg/events/selection_policy.go:162.54,165.2 2 15
github.com/ottenwbe/go-streaming/pkg/events/selection_policy.go:167.71,168.30 1 0
github.com/ottenwbe/go-streaming/pkg/events/selection_policy.go:168.30,170.3 1 0
github.com/ottenwbe/go-streaming/pkg/events/selection_policy.go:171.2,175.3 1 0
github.com/ottenwbe/go-streaming/pkg/events/selection_policy.go:179.83,180.23 1 7
github.com/ottenwbe/go-streaming/pkg/events/selection_policy.go:180.23,182.3 1 0
github.com/ottenwbe/go-streaming/pkg/events/selection_policy.go:183.2,183.77 1 7
github.com/ottenwbe/go-streaming/pkg/events/selection_policy.go:187.66,189.2 1 14
github.com/ottenwbe/go-streaming/pkg/events/selection_policy.go:191.71,198.2 1 0
github.com/ottenwbe/go-streaming/pkg/events/selection_policy.go:201.75,203.2 1 10
github.com/ottenwbe/go-streaming/pkg/events/selection_policy.go:206.43,210.2 3 7
github.com/ottenwbe/go-streaming/pkg/events/selection_policy.go:212.54,215.2 2 7
github.com/ottenwbe/go-streaming/pkg/events/selection_policy.go:217.34,219.2 1 0
github.com/ottenwbe/go-streaming/pkg/events/selection_policy.go:221.36,223.2 1 0
github.com/ottenwbe/go-streaming/pkg/events/selection_policy.go:226.74,233.2 1 12
github.com/ottenwbe/go-streaming/pkg/events/selection_policy.go:236.54,238.2 1 6
github.com/ottenwbe/go-streaming/pkg/events/selection_policy.go:241.135,251.2 1 4
github.com/ottenwbe/go-streaming/pkg/events/selection_policy.go:253.72,257.2 3 0
github.com/ottenwbe/go-streaming/pkg/events/selection_policy.go:259.164,269.2 1 0
github.com/ottenwbe/go-streaming/pkg/events/selection_policy.go:272.98,273.19 1 4
github.com/ottenwbe/go-streaming/pkg/events/selection_policy.go:274.22,275.64 1 1
github.com/ottenwbe/go-streaming/pkg/events/selection_policy.go:276.18,277.39 1 1
github.com/ottenwbe/go-streaming/pkg/events/selection_policy.go:278.22,279.96 1 1
github.com/ottenwbe/go-streaming/pkg/events/selection_policy.go:280.10,281.70 1 1
github.com/ottenwbe/go-streaming/pkg/events/selection_policy.go:285.84,289.2 3 0
github.com/ottenwbe/go-streaming/pkg/events/selection_policy.go:292.108,293.19 1 2
github.com/ottenwbe/go-streaming/pkg/events/selection_policy.go:294.27,295.101 1 1
github.com/ottenwbe/go-streaming/pkg/events/selection_policy.go:296.10,297.75 1 1
github.com/ottenwbe/go-streaming/pkg/events/selection_policy.go:301.94,304.2 2 0
github.com/ottenwbe/go-streaming/pkg/events/selection_policy.go:307.119,308.19 1 2
github.com/ottenwbe/go-streaming/pkg/events/selection_policy.go:309.25,310.111 1 1
github.com/ottenwbe/go-streaming/pkg/events/selection_policy.go:311.10,312.73 1 1
github.com/ottenwbe/go-streaming/pkg/events/selection_policy.go:316.105,320.2 3 0
github.com/ottenwbe/go-streaming/pkg/events/selection_policy.go:323.73,325.46 2 3
github.com/ottenwbe/go-streaming/pkg/events/selection_policy.go:325.46,327.3 1 1
github.com/ottenwbe/go-streaming/pkg/events/selection_policy.go:328.2,328.15 1 2
github.com/ottenwbe/go-streaming/pkg/events/selection_policy.go:332.57,334.2 1 1
github.com/ottenwbe/go-streaming/pkg/events/selection_policy.go:337.72,339.46 2 1
github.com/ottenwbe/go-streaming/pkg/events/selection_policy.go:339.46,341.3 1 0
github.com/ottenwbe/go-streaming/pkg/events/selection_policy.go:342.2,342.15 1 1
github.com/ottenwbe/go-streaming/pkg/events/selection_policy.go:346.56,348.2 1 1
github.com/ottenwbe/go-streaming/pkg/events/selection_policy.go:377.87,379.2 1 0
github.com/ottenwbe/go-streaming/pkg/events/selection_policy.go:381.76,383.2 1 2
github.com/ottenwbe/go-streaming/pkg/events/selection_policy.go:385.97,386.23 1 4
github.com/ottenwbe/go-streaming/pkg/events/selection_policy.go:386.23,388.3 1 0
github.com/ottenwbe/go-streaming/pkg/events/selection_policy.go:389.2,389.33 1 4
github.com/ottenwbe/go-streaming/pkg/events/selection_policy.go:389.33,390.24 1 8
github.com/ottenwbe/go-streaming/pkg/events/selection_policy.go:390.24,392.4 1 0
github.com/ottenwbe/go-streaming/pkg/events/selection_policy.go:393.3,393.76 1 8
github.com/ottenwbe/go-streaming/pkg/events/selection_policy.go:393.76,395.4 1 0
github.com/ottenwbe/go-streaming/pkg/events/selection_policy.go:397.2,397.13 1 4
github.com/ottenwbe/go-streaming/pkg/events/selection_policy.go:400.89,401.34 1 2
github.com/ottenwbe/go-streaming/pkg/events/selection_policy.go:401.34,402.39 1 4
github.com/ottenwbe/go-streaming/pkg/events/selection_policy.go:402.39,404.4 1 2
github.com/ottenwbe/go-streaming/pkg/events/selection_policy.go:405.3,407.27 3 4
github.com/ottenwbe/go-streaming/pkg/events/selection_policy.go:410.2,410.35 1 2
github.com/ottenwbe/go-streaming/pkg/events/selection_policy.go:410.35,412.3 1 2
github.com/ottenwbe/go-streaming/pkg/events/selection_policy.go:415.90,416.38 1 2
github.com/ottenwbe/go-streaming/pkg/events/selection_policy.go:416.38,418.3 1 2
github.com/ottenwbe/go-streaming/pkg/events/selection_policy.go:419.2,422.38 3 0
github.com/ottenwbe/go-streaming/pkg/events/selection_policy.go:422.38,423.41 1 0
github.com/ottenwbe/go-streaming/pkg/events/selection_policy.go:423.41,425.4 1 0
github.com/ottenwbe/go-streaming/pkg/events/selection_policy.go:427.2,427.33 1 0
github.com/ottenwbe/go-streaming/pkg/events/selection_policy.go:427.33,429.3 1 0
github.com/ottenwbe/go-streaming/pkg/events/selection_policy.go:432.48,435.33 3 1
github.com/ottenwbe/go-streaming/pkg/events/selection_policy.go:435.33,439.3 3 2
github.com/ottenwbe/go-streaming/pkg/events/selection_policy.go:440.2,440.17 1 1
github.com/ottenwbe/go-streaming/pkg/events/selection_policy.go:443.76,444.48 1 0
github.com/ottenwbe/go-streaming/pkg/events/selection_policy.go:444.48,448.3 3 0
github.com/ottenwbe/go-streaming/pkg/events/selection_policy.go:451.76,458.2 1 0
github.com/ottenwbe/go-streaming/pkg/events/selection_policy.go:461.145,470.2 1 2
github.com/ottenwbe/go-streaming/pkg/events/selection_policy.go:497.128,498.33 1 5
github.com/ottenwbe/go-streaming/pkg/events/selection_policy.go:498.33,500.3 1 0
github.com/ottenwbe/go-streaming/pkg/events/selection_policy.go:501.2,501.41 1 5
github.com/ottenwbe/go-streaming/pkg/events/selection_policy.go:501.41,503.3 1 0
github.com/ottenwbe/go-streaming/pkg/events/selection_policy.go:504.2,506.32 3 5
github.com/ottenwbe/go-streaming/pkg/events/selection_policy.go:509.99,511.2 1 1
github.com/ottenwbe/go-streaming/pkg/events/selection_policy.go:513.120,517.39 3 3
github.com/ottenwbe/go-streaming/pkg/events/selection_policy.go:517.39,519.3 1 2
github.com/ottenwbe/go-streaming/pkg/events/selection_policy.go:522.121,523.38 1 2
github.com/ottenwbe/go-streaming/pkg/events/selection_policy.go:523.38,525.3 1 1
github.com/ottenwbe/go-streaming/pkg/events/selection_policy.go:526.2,529.56 3 1
github.com/ottenwbe/go-streaming/pkg/events/selection_policy.go:529.56,531.3 1 1
github.com/ottenwbe/go-streaming/pkg/events/selection_policy.go:533.2,534.58 2 1
github.com/ottenwbe/go-streaming/pkg/events/selection_policy.go:534.58,536.3 1 1
github.com/ottenwbe/go-streaming/pkg/events/selection_policy.go:538.2,538.33 1 1
github.com/ottenwbe/go-streaming/pkg/events/selection_policy.go:538.33,540.3 1 1
github.com/ottenwbe/go-streaming/pkg/events/selection_policy.go:543.58,549.2 5 0
github.com/ottenwbe/go-streaming/pkg/events/selection_policy.go:551.86,556.2 4 0
github.com/ottenwbe/go-streaming/pkg/events/selection_policy.go:558.86,565.2 1 0
github.com/ottenwbe/go-streaming/pkg/events/selection_policy.go:567.110,569.2 1 1
github.com/ottenwbe/go-streaming/pkg/events/selection_policy.go:571.156,581.2 1 2
github.com/ottenwbe/go-streaming/pkg/events/selection_policy.go:583.126,585.44 2 20
github.com/ottenwbe/go-streaming/pkg/events/selection_policy.go:585.44,587.29 2 47
github.com/ottenwbe/go-streaming/pkg/events/selection_policy.go:587.29,590.4 2 11
github.com/ottenwbe/go-streaming/pkg/events/selection_policy.go:590.9,590.56 1 36
github.com/ottenwbe/go-streaming/pkg/events/selection_policy.go:590.56,591.9 1 18
github.com/ottenwbe/go-streaming/pkg/events/selection_policy.go:592.9,594.4 1 18
github.com/ottenwbe/go-streaming/pkg/events/timestamper.go:8.44,10.17 1 1068
github.com/ottenwbe/go-streaming/pkg/events/timestamper.go:10.17,12.3 1 1064
github.com/ottenwbe/go-streaming/pkg/events/timestamper.go:13.2,19.3 2 1068
github.com/ottenwbe/go-streaming/pkg/events/timestamper.go:22.78,23.21 1 2
github.com/ottenwbe/go-streaming/pkg/events/timestamper.go:23.21,29.37 4 2
github.com/ottenwbe/go-streaming/pkg/events/timestamper.go:29.37,31.43 1 4
github.com/ottenwbe/go-streaming/pkg/events/timestamper.go:31.43,33.5 1 2
github.com/ottenwbe/go-streaming/pkg/events/timestamper.go:35.4,35.42 1 4
github.com/ottenwbe/go-streaming/pkg/events/timestamper.go:35.42,37.5 1 0
github.com/ottenwbe/go-streaming/pkg/events/timestamper.go:39.4,39.39 1 4
github.com/ottenwbe/go-streaming/pkg/events/timestamper.go:41.3,47.4 2 2
github.com/ottenwbe/go-streaming/pkg/events/timestamper.go:49.2,49.26 1 0
github.com/ottenwbe/go-streaming/pkg/events/timestamper.go:52.26,54.2 1 1068
github.com/ottenwbe/go-streaming/pkg/events/timestamps.go:19.53,26.2 3 2
github.com/ottenwbe/go-streaming/pkg/events/timestamps.go:28.36,31.2 2 1
github.com/ottenwbe/go-streaming/pkg/processing/config.go:31.54,32.33 1 28
github.com/ottenwbe/go-streaming/pkg/processing/config.go:32.33,34.3 1 28
github.com/ottenwbe/go-streaming/pkg/processing/config.go:37.46,38.33 1 13
github.com/ottenwbe/go-streaming/pkg/processing/config.go:38.33,40.3 1 13
github.com/ottenwbe/go-streaming/pkg/processing/config.go:43.59,44.33 1 28
github.com/ottenwbe/go-streaming/pkg/processing/config.go:44.33,46.3 1 28
github.com/ottenwbe/go-streaming/pkg/processing/config.go:49.96,52.24 2 18
github.com/ottenwbe/go-streaming/pkg/processing/config.go:52.24,57.3 1 20
github.com/ottenwbe/go-streaming/pkg/processing/config.go:59.2,59.12 1 18
github.com/ottenwbe/go-streaming/pkg/processing/config.go:62.85,69.27 2 28
github.com/ottenwbe/go-streaming/pkg/processing/config.go:69.27,71.3 1 65
github.com/ottenwbe/go-streaming/pkg/processing/config.go:72.2,72.11 1 28
github.com/ottenwbe/go-streaming/pkg/processing/default_operators.go:23.152,25.94 1 0
github.com/ottenwbe/go-streaming/pkg/processing/default_operators.go:25.94,27.60 1 0
github.com/ottenwbe/go-streaming/pkg/processing/default_operators.go:27.60,29.32 2 0
github.com/ottenwbe/go-streaming/pkg/processing/default_operators.go:29.32,31.5 1 0
github.com/ottenwbe/go-streaming/pkg/processing/default_operators.go:32.4,32.27 1 0
github.com/ottenwbe/go-streaming/pkg/processing/default_operators.go:35.3,43.17 3 0
github.com/ottenwbe/go-streaming/pkg/processing/default_operators.go:48.164,50.94 1 0
github.com/ottenwbe/go-streaming/pkg/processing/default_operators.go:50.94,52.59 1 0
github.com/ottenwbe/go-streaming/pkg/processing/default_operators.go:52.59,55.4 2 0
github.com/ottenwbe/go-streaming/pkg/processing/default_operators.go:57.3,63.59 2 0
github.com/ottenwbe/go-streaming/pkg/processing/default_operators.go:68.124,69.46 1 2
github.com/ottenwbe/go-streaming/pkg/processing/default_operators.go:69.46,71.3 1 2
github.com/ottenwbe/go-streaming/pkg/processing/default_operators.go:72.2,72.24 1 2
github.com/ottenwbe/go-streaming/pkg/processing/default_operators.go:76.117,77.46 1 5
github.com/ottenwbe/go-streaming/pkg/processing/default_operators.go:77.46,79.3 1 5
github.com/ottenwbe/go-streaming/pkg/processing/default_operators.go:80.2,80.24 1 5
github.com/ottenwbe/go-streaming/pkg/processing/default_operators.go:84.119,86.94 1 0
github.com/ottenwbe/go-streaming/pkg/processing/default_operators.go:86.94,87.49 1 0
github.com/ottenwbe/go-streaming/pkg/processing/default_operators.go:87.49,89.4 1 0
github.com/ottenwbe/go-streaming/pkg/processing/default_operators.go:91.3,97.53 2 0
github.com/ottenwbe/go-streaming/pkg/processing/default_operators.go:104.117,105.94 1 2
github.com/ottenwbe/go-streaming/pkg/processing/default_operators.go:105.94,107.58 1 2
github.com/ottenwbe/go-streaming/pkg/processing/default_operators.go:107.58,108.53 1 2
github.com/ottenwbe/go-streaming/pkg/processing/default_operators.go:108.53,109.38 1 2
github.com/ottenwbe/go-streaming/pkg/processing/default_operators.go:109.38,111.6 1 1
github.com/ottenwbe/go-streaming/pkg/processing/default_operators.go:113.4,113.14 1 1
github.com/ottenwbe/go-streaming/pkg/processing/default_operators.go:116.3,122.62 2 2
github.com/ottenwbe/go-streaming/pkg/processing/default_operators.go:127.147,128.94 1 1
github.com/ottenwbe/go-streaming/pkg/processing/default_operators.go:128.94,135.3 2 1
github.com/ottenwbe/go-streaming/pkg/processing/default_operators.go:143.88,144.94 1 1
github.com/ottenwbe/go-streaming/pkg/processing/default_operators.go:144.94,145.19 1 1
github.com/ottenwbe/go-streaming/pkg/processing/default_operators.go:145.19,147.4 1 0
github.com/ottenwbe/go-streaming/pkg/processing/default_operators.go:149.3,149.84 1 1
github.com/ottenwbe/go-streaming/pkg/processing/default_operators.go:149.84,155.40 4 1
github.com/ottenwbe/go-streaming/pkg/processing/default_operators.go:155.40,156.47 1 1
github.com/ottenwbe/go-streaming/pkg/processing/default_operators.go:156.47,158.6 1 1
github.com/ottenwbe/go-streaming/pkg/processing/default_operators.go:161.4,163.41 2 1
github.com/ottenwbe/go-streaming/pkg/processing/default_operators.go:163.41,164.49 1 2
github.com/ottenwbe/go-streaming/pkg/processing/default_operators.go:164.49,165.58 1 2
github.com/ottenwbe/go-streaming/pkg/processing/default_operators.go:165.58,166.45 1 1
github.com/ottenwbe/go-streaming/pkg/processing/default_operators.go:166.45,171.8 4 1
github.com/ottenwbe/go-streaming/pkg/processing/default_operators.go:175.4,175.18 1 1
github.com/ottenwbe/go-streaming/pkg/processing/default_operators.go:178.3,184.75 2 1
github.com/ottenwbe/go-streaming/pkg/processing/default_operators.go:192.88,193.94 1 1
github.com/ottenwbe/go-streaming/pkg/processing/default_operators.go:193.94,194.19 1 1
github.com/ottenwbe/go-streaming/pkg/processing/default_operators.go:194.19,196.4 1 0
github.com/ottenwbe/go-streaming/pkg/processing/default_operators.go:198.3,198.84 1 1
github.com/ottenwbe/go-streaming/pkg/processing/default_operators.go:198.84,203.40 4 1
github.com/ottenwbe/go-streaming/pkg/processing/default_operators.go:203.40,204.47 1 1
github.com/ottenwbe/go-streaming/pkg/processing/default_operators.go:204.47,206.6 1 1
github.com/ottenwbe/go-streaming/pkg/processing/default_operators.go:209.4,210.41 2 1
github.com/ottenwbe/go-streaming/pkg/processing/default_operators.go:210.41,213.12 3 2
github.com/ottenwbe/go-streaming/pkg/processing/default_operators.go:213.12,214.52 1 2
github.com/ottenwbe/go-streaming/pkg/processing/default_operators.go:214.52,215.45 1 1
github.com/ottenwbe/go-streaming/pkg/processing/default_operators.go:215.45,221.8 5 1
github.com/ottenwbe/go-streaming/pkg/processing/default_operators.go:224.5,224.17 1 2
github.com/ottenwbe/go-streaming/pkg/processing/default_operators.go:224.17,228.6 3 1
github.com/ottenwbe/go-streaming/pkg/processing/default_operators.go:230.4,230.18 1 1
github.com/ottenwbe/go-streaming/pkg/processing/default_operators.go:233.3,239.75 2 1
github.com/ottenwbe/go-streaming/pkg/processing/default_operators.go:244.143,245.94 1 8
github.com/ottenwbe/go-streaming/pkg/processing/default_operators.go:245.94,252.3 2 7
github.com/ottenwbe/go-streaming/pkg/processing/default_operators.go:256.153,257.94 1 3
github.com/ottenwbe/go-streaming/pkg/processing/default_operators.go:257.94,259.57 1 3
github.com/ottenwbe/go-streaming/pkg/processing/default_operators.go:259.57,261.32 2 4
github.com/ottenwbe/go-streaming/pkg/processing/default_operators.go:261.32,263.5 1 4
github.com/ottenwbe/go-streaming/pkg/processing/default_operators.go:264.4,264.17 1 4
github.com/ottenwbe/go-streaming/pkg/processing/default_operators.go:267.3,275.57 3 3
github.com/ottenwbe/go-streaming/pkg/processing/default_operators.go:280.138,281.94 1 1
github.com/ottenwbe/go-streaming/pkg/processing/default_operators.go:281.94,283.43 1 1
github.com/ottenwbe/go-streaming/pkg/processing/default_operators.go:283.43,286.4 2 1
github.com/ottenwbe/go-streaming/pkg/processing/default_operators.go:288.3,294.47 2 1
github.com/ottenwbe/go-streaming/pkg/processing/default_operators.go:299.102,300.71 1 1
github.com/ottenwbe/go-streaming/pkg/processing/default_operators.go:300.71,302.3 1 0
github.com/ottenwbe/go-streaming/pkg/processing/operator_engine.go:17.37,19.2 1 0
github.com/ottenwbe/go-streaming/pkg/processing/operator_engine.go:21.33,23.2 1 45
github.com/ottenwbe/go-streaming/pkg/processing/operator_engine.go:25.33,27.2 1 40
github.com/ottenwbe/go-streaming/pkg/processing/operator_engine.go:49.57,51.2 1 128
github.com/ottenwbe/go-streaming/pkg/processing/operator_engine.go:53.102,58.2 1 0
github.com/ottenwbe/go-streaming/pkg/processing/operator_engine.go:60.71,62.2 1 0
github.com/ottenwbe/go-streaming/pkg/processing/operator_engine.go:64.96,65.43 1 17
github.com/ottenwbe/go-streaming/pkg/processing/operator_engine.go:65.43,67.3 1 0
github.com/ottenwbe/go-streaming/pkg/processing/operator_engine.go:69.2,73.41 4 17
github.com/ottenwbe/go-streaming/pkg/processing/operator_engine.go:73.41,75.17 2 17
github.com/ottenwbe/go-streaming/pkg/processing/operator_engine.go:75.17,78.32 3 0
github.com/ottenwbe/go-streaming/pkg/processing/operator_engine.go:78.32,80.5 1 0
github.com/ottenwbe/go-streaming/pkg/processing/operator_engine.go:81.4,82.31 2 0
github.com/ottenwbe/go-streaming/pkg/processing/operator_engine.go:84.3,84.37 1 17
github.com/ottenwbe/go-streaming/pkg/processing/operator_engine.go:87.2,94.16 3 17
github.com/ottenwbe/go-streaming/pkg/processing/operator_engine.go:94.16,97.31 3 2
github.com/ottenwbe/go-streaming/pkg/processing/operator_engine.go:97.31,99.4 1 2
github.com/ottenwbe/go-streaming/pkg/processing/operator_engine.go:100.3,101.30 2 2
github.com/ottenwbe/go-streaming/pkg/processing/operator_engine.go:104.2,104.12 1 15
github.com/ottenwbe/go-streaming/pkg/processing/operator_engine.go:107.54,111.16 4 21
github.com/ottenwbe/go-streaming/pkg/processing/operator_engine.go:111.16,113.3 1 1
github.com/ottenwbe/go-streaming/pkg/processing/operator_engine.go:114.2,114.32 1 21
github.com/ottenwbe/go-streaming/pkg/processing/operator_engine.go:114.32,115.53 1 20
github.com/ottenwbe/go-streaming/pkg/processing/operator_engine.go:115.53,117.4 1 0
github.com/ottenwbe/go-streaming/pkg/processing/operator_engine.go:119.2,119.29 1 21
github.com/ottenwbe/go-streaming/pkg/processing/operator_engine.go:127.59,129.2 1 9
github.com/ottenwbe/go-streaming/pkg/processing/operator_engine.go:131.78,133.27 2 5
github.com/ottenwbe/go-streaming/pkg/processing/operator_engine.go:133.27,135.33 2 6
github.com/ottenwbe/go-streaming/pkg/processing/operator_engine.go:135.33,136.42 1 6
github.com/ottenwbe/go-streaming/pkg/processing/operator_engine.go:136.42,138.5 1 0
github.com/ottenwbe/go-streaming/pkg/processing/operator_engine.go:148.51,150.2 1 8
github.com/ottenwbe/go-streaming/pkg/processing/operator_engine.go:152.70,153.27 1 15
github.com/ottenwbe/go-streaming/pkg/processing/operator_engine.go:153.27,154.41 1 15
github.com/ottenwbe/go-streaming/pkg/processing/operator_engine.go:154.41,155.34 1 7
github.com/ottenwbe/go-streaming/pkg/processing/operator_engine.go:155.34,156.46 1 7
github.com/ottenwbe/go-streaming/pkg/processing/operator_engine.go:156.46,158.6 1 0
github.com/ottenwbe/go-streaming/pkg/processing/operator_engine.go:174.56,175.43 1 3
github.com/ottenwbe/go-streaming/pkg/processing/operator_engine.go:175.43,177.3 1 0
github.com/ottenwbe/go-streaming/pkg/processing/operator_engine.go:179.2,180.41 2 3
github.com/ottenwbe/go-streaming/pkg/processing/operator_engine.go:180.41,182.17 2 3
github.com/ottenwbe/go-streaming/pkg/processing/operator_engine.go:182.17,186.32 3 0
github.com/ottenwbe/go-streaming/pkg/processing/operator_engine.go:186.32,188.5 1 0
github.com/ottenwbe/go-streaming/pkg/processing/operator_engine.go:189.4,190.31 2 0
github.com/ottenwbe/go-streaming/pkg/processing/operator_engine.go:192.3,192.37 1 3
github.com/ottenwbe/go-streaming/pkg/processing/operator_engine.go:195.2,201.41 4 3
github.com/ottenwbe/go-streaming/pkg/processing/operator_engine.go:201.41,203.3 1 3
github.com/ottenwbe/go-streaming/pkg/processing/operator_engine.go:203.8,205.3 1 0
github.com/ottenwbe/go-streaming/pkg/processing/operator_engine.go:207.2,207.33 1 3
github.com/ottenwbe/go-streaming/pkg/processing/operator_engine.go:207.33,210.3 2 6
github.com/ottenwbe/go-streaming/pkg/processing/operator_engine.go:212.2,212.46 1 3
github.com/ottenwbe/go-streaming/pkg/processing/operator_engine.go:212.46,214.92 2 6
github.com/ottenwbe/go-streaming/pkg/processing/operator_engine.go:214.92,216.4 1 14
github.com/ottenwbe/go-streaming/pkg/processing/operator_engine.go:217.3,217.17 1 6
github.com/ottenwbe/go-streaming/pkg/processing/operator_engine.go:217.17,221.32 3 0
github.com/ottenwbe/go-streaming/pkg/processing/operator_engine.go:221.32,223.5 1 0
github.com/ottenwbe/go-streaming/pkg/processing/operator_engine.go:224.4,224.31 1 0
github.com/ottenwbe/go-streaming/pkg/processing/operator_engine.go:224.31,226.5 1 0
github.com/ottenwbe/go-streaming/pkg/processing/operator_engine.go:227.4,228.31 2 0
github.com/ottenwbe/go-streaming/pkg/processing/operator_engine.go:230.3,230.35 1 6
github.com/ottenwbe/go-streaming/pkg/processing/operator_engine.go:233.2,235.12 2 3
github.com/ottenwbe/go-streaming/pkg/processing/operator_engine.go:238.55,241.31 3 3
github.com/ottenwbe/go-streaming/pkg/processing/operator_engine.go:241.31,242.49 1 6
github.com/ottenwbe/go-streaming/pkg/processing/operator_engine.go:242.49,244.4 1 0
github.com/ottenwbe/go-streaming/pkg/processing/operator_engine.go:246.2,246.32 1 3
github.com/ottenwbe/go-streaming/pkg/processing/operator_engine.go:246.32,247.57 1 3
github.com/ottenwbe/go-streaming/pkg/processing/operator_engine.go:247.57,249.4 1 0
github.com/ottenwbe/go-streaming/pkg/processing/operator_engine.go:251.2,251.29 1 3
github.com/ottenwbe/go-streaming/pkg/processing/operator_engine.go:254.85,257.22 3 14
github.com/ottenwbe/go-streaming/pkg/processing/operator_engine.go:257.22,259.3 1 0
github.com/ottenwbe/go-streaming/pkg/processing/operator_engine.go:261.2,262.37 2 14
github.com/ottenwbe/go-streaming/pkg/processing/operator_engine.go:265.90,267.27 2 3
github.com/ottenwbe/go-streaming/pkg/processing/operator_engine.go:267.27,269.3 1 6
github.com/ottenwbe/go-streaming/pkg/processing/operator_engine.go:271.2,272.30 2 3
github.com/ottenwbe/go-streaming/pkg/processing/operator_engine.go:272.30,274.33 2 4
github.com/ottenwbe/go-streaming/pkg/processing/operator_engine.go:274.33,275.42 1 4
github.com/ottenwbe/go-streaming/pkg/processing/operator_engine.go:275.42,277.5 1 0
github.com/ottenwbe/go-streaming/pkg/processing/operator_engine.go:282.2,283.33 2 3
github.com/ottenwbe/go-streaming/pkg/processing/operator_engine.go:283.33,285.22 2 6
github.com/ottenwbe/go-streaming/pkg/processing/operator_engine.go:285.22,288.4 2 0
github.com/ottenwbe/go-streaming/pkg/processing/operator_engine.go:291.2,291.18 1 3
github.com/ottenwbe/go-streaming/pkg/processing/operator_engine.go:308.67,310.2 1 0
github.com/ottenwbe/go-streaming/pkg/processing/operator_engine.go:312.124,317.2 1 0
github.com/ottenwbe/go-streaming/pkg/processing/operator_engine.go:318.81,320.2 1 0
github.com/ottenwbe/go-streaming/pkg/processing/operator_engine.go:322.65,323.43 1 0
github.com/ottenwbe/go-streaming/pkg/processing/operator_engine.go:323.43,325.3 1 0
github.com/ottenwbe/go-streaming/pkg/processing/operator_engine.go:327.2,328.41 2 0
github.com/ottenwbe/go-streaming/pkg/processing/operator_engine.go:328.41,330.17 2 0
github.com/ottenwbe/go-streaming/pkg/processing/operator_engine.go:330.17,333.32 3 0
github.com/ottenwbe/go-streaming/pkg/processing/operator_engine.go:333.32,335.5 1 0
github.com/ottenwbe/go-streaming/pkg/processing/operator_engine.go:336.4,337.31 2 0
github.com/ottenwbe/go-streaming/pkg/processing/operator_engine.go:339.3,339.37 1 0
github.com/ottenwbe/go-streaming/pkg/processing/operator_engine.go:342.2,346.41 4 0
github.com/ottenwbe/go-streaming/pkg/processing/operator_engine.go:346.41,348.3 1 0
github.com/ottenwbe/go-streaming/pkg/processing/operator_engine.go:348.8,350.31 2 0
github.com/ottenwbe/go-streaming/pkg/processing/operator_engine.go:350.31,352.4 1 0
github.com/ottenwbe/go-streaming/pkg/processing/operator_engine.go:353.3,354.97 2 0
github.com/ottenwbe/go-streaming/pkg/processing/operator_engine.go:357.2,360.107 3 0
github.com/ottenwbe/go-streaming/pkg/processing/operator_engine.go:360.107,362.3 1 0
github.com/ottenwbe/go-streaming/pkg/processing/operator_engine.go:363.2,363.16 1 0
github.com/ottenwbe/go-streaming/pkg/processing/operator_engine.go:363.16,366.3 2 0
github.com/ottenwbe/go-streaming/pkg/processing/operator_engine.go:368.2,368.110 1 0
github.com/ottenwbe/go-streaming/pkg/processing/operator_engine.go:368.110,370.3 1 0
github.com/ottenwbe/go-streaming/pkg/processing/operator_engine.go:371.2,371.16 1 0
github.com/ottenwbe/go-streaming/pkg/processing/operator_engine.go:371.16,374.3 2 0
github.com/ottenwbe/go-streaming/pkg/processing/operator_engine.go:376.2,376.12 1 0
github.com/ottenwbe/go-streaming/pkg/processing/operator_engine.go:379.64,382.22 3 0
github.com/ottenwbe/go-streaming/pkg/processing/operator_engine.go:382.22,384.3 1 0
github.com/ottenwbe/go-streaming/pkg/processing/operator_engine.go:385.2,385.23 1 0
github.com/ottenwbe/go-streaming/pkg/processing/operator_engine.go:385.23,387.3 1 0
github.com/ottenwbe/go-streaming/pkg/processing/operator_engine.go:388.2,388.32 1 0
github.com/ottenwbe/go-streaming/pkg/processing/operator_engine.go:388.32,389.57 1 0
github.com/ottenwbe/go-streaming/pkg/processing/operator_engine.go:389.57,391.4 1 0
github.com/ottenwbe/go-streaming/pkg/processing/operator_engine.go:393.2,393.29 1 0
github.com/ottenwbe/go-streaming/pkg/processing/operator_engine.go:396.86,399.22 3 0
github.com/ottenwbe/go-streaming/pkg/processing/operator_engine.go:399.22,401.3 1 0
github.com/ottenwbe/go-streaming/pkg/processing/operator_engine.go:402.2,403.55 2 0
github.com/ottenwbe/go-streaming/pkg/processing/operator_engine.go:406.88,409.22 3 0
github.com/ottenwbe/go-streaming/pkg/processing/operator_engine.go:409.22,411.3 1 0
github.com/ottenwbe/go-streaming/pkg/processing/operator_engine.go:412.2,413.55 2 0
github.com/ottenwbe/go-streaming/pkg/processing/operator_engine.go:416.123,420.25 3 0
github.com/ottenwbe/go-streaming/pkg/processing/operator_engine.go:420.25,422.3 1 0
github.com/ottenwbe/go-streaming/pkg/processing/operator_engine.go:423.2,423.26 1 0
github.com/ottenwbe/go-streaming/pkg/processing/operator_engine.go:423.26,425.3 1 0
github.com/ottenwbe/go-streaming/pkg/processing/operator_engine.go:427.2,427.30 1 0
github.com/ottenwbe/go-streaming/pkg/processing/operator_engine.go:427.30,429.33 2 0
github.com/ottenwbe/go-streaming/pkg/processing/operator_engine.go:429.33,431.4 1 0
github.com/ottenwbe/go-streaming/pkg/processing/operator_engine.go:434.2,437.20 3 0
github.com/ottenwbe/go-streaming/pkg/processing/operator_engine.go:437.20,439.3 1 0
github.com/ottenwbe/go-streaming/pkg/processing/operator_engine.go:441.2,442.21 2 0
github.com/ottenwbe/go-streaming/pkg/processing/operator_engine.go:442.21,444.3 1 0
github.com/ottenwbe/go-streaming/pkg/processing/operator_engine.go:446.2,447.18 2 0
github.com/ottenwbe/go-streaming/pkg/processing/operator_engine.go:455.54,456.43 1 5
github.com/ottenwbe/go-streaming/pkg/processing/operator_engine.go:456.43,458.3 1 0
github.com/ottenwbe/go-streaming/pkg/processing/operator_engine.go:460.2,463.41 3 5
github.com/ottenwbe/go-streaming/pkg/processing/operator_engine.go:463.41,465.17 2 5
github.com/ottenwbe/go-streaming/pkg/processing/operator_engine.go:465.17,468.32 3 0
github.com/ottenwbe/go-streaming/pkg/processing/operator_engine.go:468.32,470.5 1 0
github.com/ottenwbe/go-streaming/pkg/processing/operator_engine.go:471.4,472.31 2 0
github.com/ottenwbe/go-streaming/pkg/processing/operator_engine.go:474.3,474.37 1 5
github.com/ottenwbe/go-streaming/pkg/processing/operator_engine.go:477.2,482.16 3 5
github.com/ottenwbe/go-streaming/pkg/processing/operator_engine.go:482.16,486.31 3 0
github.com/ottenwbe/go-streaming/pkg/processing/operator_engine.go:486.31,488.4 1 0
github.com/ottenwbe/go-streaming/pkg/processing/operator_engine.go:489.3,490.30 2 0
github.com/ottenwbe/go-streaming/pkg/processing/operator_engine.go:492.2,492.12 1 5
github.com/ottenwbe/go-streaming/pkg/processing/operator_engine.go:495.84,496.18 1 7
github.com/ottenwbe/go-streaming/pkg/processing/operator_engine.go:496.18,498.33 2 7
github.com/ottenwbe/go-streaming/pkg/processing/operator_engine.go:498.33,499.43 1 7
github.com/ottenwbe/go-streaming/pkg/processing/operator_engine.go:499.43,501.5 1 0
github.com/ottenwbe/go-streaming/pkg/processing/operator_engine.go:506.73,507.27 1 0
github.com/ottenwbe/go-streaming/pkg/processing/operator_engine.go:507.27,509.3 1 0
github.com/ottenwbe/go-streaming/pkg/processing/operator_repository.go:26.101,27.27 1 26
github.com/ottenwbe/go-streaming/pkg/processing/operator_repository.go:27.27,29.3 1 15
github.com/ottenwbe/go-streaming/pkg/processing/operator_repository.go:31.2,33.16 2 26
github.com/ottenwbe/go-streaming/pkg/processing/operator_repository.go:34.25,36.47 1 10
github.com/ottenwbe/go-streaming/pkg/processing/operator_repository.go:36.47,38.4 1 0
github.com/ottenwbe/go-streaming/pkg/processing/operator_repository.go:40.3,41.10 2 10
github.com/ottenwbe/go-streaming/pkg/processing/operator_repository.go:41.10,43.4 1 0
github.com/ottenwbe/go-streaming/pkg/processing/operator_repository.go:46.3,51.4 1 10
github.com/ottenwbe/go-streaming/pkg/processing/operator_repository.go:52.23,54.47 1 8
github.com/ottenwbe/go-streaming/pkg/processing/operator_repository.go:54.47,56.4 1 0
github.com/ottenwbe/go-streaming/pkg/processing/operator_repository.go:58.3,59.10 2 8
github.com/ottenwbe/go-streaming/pkg/processing/operator_repository.go:59.10,61.4 1 0
github.com/ottenwbe/go-streaming/pkg/processing/operator_repository.go:64.3,69.4 1 8
github.com/ottenwbe/go-streaming/pkg/processing/operator_repository.go:70.20,72.47 1 5
github.com/ottenwbe/go-streaming/pkg/processing/operator_repository.go:72.47,74.4 1 0
github.com/ottenwbe/go-streaming/pkg/processing/operator_repository.go:76.3,77.10 2 5
github.com/ottenwbe/go-streaming/pkg/processing/operator_repository.go:77.10,79.4 1 0
github.com/ottenwbe/go-streaming/pkg/processing/operator_repository.go:82.3,87.4 1 5
github.com/ottenwbe/go-streaming/pkg/processing/operator_repository.go:88.22,90.46 1 3
github.com/ottenwbe/go-streaming/pkg/processing/operator_repository.go:90.46,92.4 1 0
github.com/ottenwbe/go-streaming/pkg/processing/operator_repository.go:93.3,94.10 2 3
github.com/ottenwbe/go-streaming/pkg/processing/operator_repository.go:94.10,96.4 1 0
github.com/ottenwbe/go-streaming/pkg/processing/operator_repository.go:98.3,101.4 1 3
github.com/ottenwbe/go-streaming/pkg/processing/operator_repository.go:102.10,103.79 1 0
github.com/ottenwbe/go-streaming/pkg/processing/operator_repository.go:106.2,107.16 2 26
github.com/ottenwbe/go-streaming/pkg/processing/operator_repository.go:107.16,109.3 1 0
github.com/ottenwbe/go-streaming/pkg/processing/operator_repository.go:111.2,111.17 1 26
github.com/ottenwbe/go-streaming/pkg/processing/operator_repository.go:111.17,113.17 2 9
github.com/ottenwbe/go-streaming/pkg/processing/operator_repository.go:113.17,116.4 2 1
github.com/ottenwbe/go-streaming/pkg/processing/operator_repository.go:118.2,118.20 1 25
github.com/ottenwbe/go-streaming/pkg/processing/operator_repository.go:125.23,127.29 1 0
github.com/ottenwbe/go-streaming/pkg/processing/operator_repository.go:127.29,129.3 1 0
github.com/ottenwbe/go-streaming/pkg/processing/operator_repository.go:130.2,130.29 1 0
github.com/ottenwbe/go-streaming/pkg/processing/operator_repository.go:130.29,132.3 1 0
github.com/ottenwbe/go-streaming/pkg/processing/operator_repository.go:134.2,139.57 2 0
github.com/ottenwbe/go-streaming/pkg/processing/operator_repository.go:139.57,141.3 1 0
github.com/ottenwbe/go-streaming/pkg/processing/operator_repository.go:143.2,143.22 1 0
github.com/ottenwbe/go-streaming/pkg/processing/operator_repository.go:143.22,144.40 1 0
github.com/ottenwbe/go-streaming/pkg/processing/operator_repository.go:144.40,147.4 2 0
github.com/ottenwbe/go-streaming/pkg/processing/operator_repository.go:150.2,150.25 1 0
github.com/ottenwbe/go-streaming/pkg/processing/operator_repository.go:153.43,155.11 2 26
github.com/ottenwbe/go-streaming/pkg/processing/operator_repository.go:155.11,159.3 3 24
github.com/ottenwbe/go-streaming/pkg/processing/operator_repository.go:160.2,160.12 1 2
github.com/ottenwbe/go-streaming/pkg/processing/operator_repository.go:175.69,179.2 3 25
github.com/ottenwbe/go-streaming/pkg/processing/operator_repository.go:181.74,185.2 3 0
github.com/ottenwbe/go-streaming/pkg/processing/operator_repository.go:187.79,192.2 4 45
github.com/ottenwbe/go-streaming/pkg/processing/operator_repository.go:194.72,198.62 3 26
github.com/ottenwbe/go-streaming/pkg/processing/operator_repository.go:198.62,200.3 1 0
github.com/ottenwbe/go-streaming/pkg/processing/operator_repository.go:202.2,202.45 1 26
github.com/ottenwbe/go-streaming/pkg/processing/operator_repository.go:202.45,204.3 1 0
github.com/ottenwbe/go-streaming/pkg/processing/operator_repository.go:206.2,208.12 2 26
github.com/ottenwbe/go-streaming/pkg/processing/operator_repository.go:213.39,215.2 1 96
github.com/ottenwbe/go-streaming/pkg/processing/operator_repository.go:217.13,222.2 1 1
github.com/ottenwbe/go-streaming/pkg/processing/query_builder.go:31.54,37.2 1 22
github.com/ottenwbe/go-streaming/pkg/processing/query_builder.go:54.85,57.82 1 22
github.com/ottenwbe/go-streaming/pkg/processing/query_builder.go:57.82,59.4 1 22
github.com/ottenwbe/go-streaming/pkg/processing/query_builder.go:64.67,65.18 1 22
github.com/ottenwbe/go-streaming/pkg/processing/query_builder.go:65.18,67.3 1 0
github.com/ottenwbe/go-streaming/pkg/processing/query_builder.go:69.2,70.33 2 22
github.com/ottenwbe/go-streaming/pkg/processing/query_builder.go:70.33,73.3 2 0
github.com/ottenwbe/go-streaming/pkg/processing/query_builder.go:75.2,78.10 4 22
github.com/ottenwbe/go-streaming/pkg/processing/query_builder.go:82.71,84.2 1 0
github.com/ottenwbe/go-streaming/pkg/processing/query_builder.go:87.47,88.18 1 0
github.com/ottenwbe/go-streaming/pkg/processing/query_builder.go:88.18,90.3 1 0
github.com/ottenwbe/go-streaming/pkg/processing/query_builder.go:91.2,91.15 1 0
github.com/ottenwbe/go-streaming/pkg/processing/query_builder.go:91.15,93.3 1 0
github.com/ottenwbe/go-streaming/pkg/processing/query_builder.go:94.2,94.19 1 0
github.com/ottenwbe/go-streaming/pkg/processing/query_builder.go:94.19,97.3 2 0
github.com/ottenwbe/go-streaming/pkg/processing/query_builder.go:99.2,99.32 1 0
github.com/ottenwbe/go-streaming/pkg/processing/query_builder.go:99.32,100.34 1 0
github.com/ottenwbe/go-streaming/pkg/processing/query_builder.go:100.34,103.4 2 0
github.com/ottenwbe/go-streaming/pkg/processing/query_builder.go:106.2,106.35 1 0
github.com/ottenwbe/go-streaming/pkg/processing/query_builder.go:106.35,107.36 1 0
github.com/ottenwbe/go-streaming/pkg/processing/query_builder.go:107.36,110.4 2 0
github.com/ottenwbe/go-streaming/pkg/processing/query_builder.go:113.2,115.10 2 0
github.com/ottenwbe/go-streaming/pkg/processing/query_builder.go:118.117,125.83 2 17
github.com/ottenwbe/go-streaming/pkg/processing/query_builder.go:125.83,127.5 1 16
github.com/ottenwbe/go-streaming/pkg/processing/query_builder.go:133.143,135.34 2 0
github.com/ottenwbe/go-streaming/pkg/processing/query_builder.go:135.34,138.83 2 0
github.com/ottenwbe/go-streaming/pkg/processing/query_builder.go:138.83,140.5 1 0
github.com/ottenwbe/go-streaming/pkg/processing/query_builder.go:144.2,148.3 1 0
github.com/ottenwbe/go-streaming/pkg/processing/query_builder.go:152.74,153.18 1 17
github.com/ottenwbe/go-streaming/pkg/processing/query_builder.go:153.18,155.3 1 0
github.com/ottenwbe/go-streaming/pkg/processing/query_builder.go:157.2,157.25 1 17
github.com/ottenwbe/go-streaming/pkg/processing/query_builder.go:157.25,160.3 2 1
github.com/ottenwbe/go-streaming/pkg/processing/query_builder.go:163.2,164.61 2 16
github.com/ottenwbe/go-streaming/pkg/processing/query_builder.go:164.61,166.37 2 16
github.com/ottenwbe/go-streaming/pkg/processing/query_builder.go:166.37,169.4 2 0
github.com/ottenwbe/go-streaming/pkg/processing/query_builder.go:171.3,173.36 3 16
github.com/ottenwbe/go-streaming/pkg/processing/query_builder.go:177.2,179.36 3 16
github.com/ottenwbe/go-streaming/pkg/processing/query_builder.go:179.36,181.3 1 16
github.com/ottenwbe/go-streaming/pkg/processing/query_builder.go:183.2,187.10 4 16
github.com/ottenwbe/go-streaming/pkg/processing/query_builder.go:191.60,194.18 2 22
github.com/ottenwbe/go-streaming/pkg/processing/query_builder.go:194.18,196.3 1 1
github.com/ottenwbe/go-streaming/pkg/processing/query_builder.go:198.2,198.25 1 21
github.com/ottenwbe/go-streaming/pkg/processing/query_builder.go:198.25,200.3 1 1
github.com/ottenwbe/go-streaming/pkg/processing/query_builder.go:201.2,201.24 1 20
github.com/ottenwbe/go-streaming/pkg/processing/query_builder.go:201.24,203.3 1 0
github.com/ottenwbe/go-streaming/pkg/processing/query_builder.go:204.2,207.36 2 20
github.com/ottenwbe/go-streaming/pkg/processing/query_builder.go:207.36,209.17 2 38
github.com/ottenwbe/go-streaming/pkg/processing/query_builder.go:209.17,211.4 1 0
github.com/ottenwbe/go-streaming/pkg/processing/query_builder.go:215.2,215.34 1 20
github.com/ottenwbe/go-streaming/pkg/processing/query_builder.go:215.34,217.17 2 16
github.com/ottenwbe/go-streaming/pkg/processing/query_builder.go:217.17,219.4 1 1
github.com/ottenwbe/go-streaming/pkg/processing/query_builder.go:222.2,222.22 1 20
github.com/ottenwbe/go-streaming/pkg/processing/query_builder.go:222.22,226.3 2 1
github.com/ottenwbe/go-streaming/pkg/processing/query_builder.go:229.2,229.9 1 19
github.com/ottenwbe/go-streaming/pkg/processing/query_builder.go:229.9,231.17 2 10
github.com/ottenwbe/go-streaming/pkg/processing/query_builder.go:231.17,233.4 1 0
github.com/ottenwbe/go-streaming/pkg/processing/query_builder.go:236.2,236.21 1 19
github.com/ottenwbe/go-streaming/pkg/processing/query_builder.go:245.38,246.31 1 1
github.com/ottenwbe/go-streaming/pkg/processing/query_builder.go:246.31,248.3 1 1
github.com/ottenwbe/go-streaming/pkg/processing/query_builder.go:251.61,252.31 1 2
github.com/ottenwbe/go-streaming/pkg/processing/query_builder.go:252.31,254.3 1 2
github.com/ottenwbe/go-streaming/pkg/processing/query_control.go:43.38,44.15 1 21
github.com/ottenwbe/go-streaming/pkg/processing/query_control.go:44.15,46.3 1 2
github.com/ottenwbe/go-streaming/pkg/processing/query_control.go:47.2,47.19 1 19
github.com/ottenwbe/go-streaming/pkg/processing/query_control.go:51.43,53.2 1 54
github.com/ottenwbe/go-streaming/pkg/processing/query_control.go:55.73,57.2 1 38
github.com/ottenwbe/go-streaming/pkg/processing/query_control.go:59.58,61.2 1 20
github.com/ottenwbe/go-streaming/pkg/processing/query_control.go:66.9,67.71 1 18
github.com/ottenwbe/go-streaming/pkg/processing/query_control.go:67.71,69.17 2 18
github.com/ottenwbe/go-streaming/pkg/processing/query_control.go:69.17,71.4 1 0
github.com/ottenwbe/go-streaming/pkg/processing/query_control.go:72.3,73.13 2 18
github.com/ottenwbe/go-streaming/pkg/processing/query_control.go:75.2,75.27 1 0
github.com/ottenwbe/go-streaming/pkg/processing/query_control.go:78.47,80.32 2 18
github.com/ottenwbe/go-streaming/pkg/processing/query_control.go:80.32,81.45 1 35
github.com/ottenwbe/go-streaming/pkg/processing/query_control.go:81.45,83.4 1 0
github.com/ottenwbe/go-streaming/pkg/processing/query_control.go:86.2,86.34 1 18
github.com/ottenwbe/go-streaming/pkg/processing/query_control.go:86.34,88.13 2 15
github.com/ottenwbe/go-streaming/pkg/processing/query_control.go:88.13,89.33 1 15
github.com/ottenwbe/go-streaming/pkg/processing/query_control.go:89.33,91.5 1 0
github.com/ottenwbe/go-streaming/pkg/processing/query_control.go:94.2,94.16 1 18
github.com/ottenwbe/go-streaming/pkg/processing/query_control.go:94.16,97.3 2 0
github.com/ottenwbe/go-streaming/pkg/processing/query_control.go:98.2,98.33 1 18
github.com/ottenwbe/go-streaming/pkg/processing/query_control.go:101.49,103.24 2 20
github.com/ottenwbe/go-streaming/pkg/processing/query_control.go:103.24,104.39 1 20
github.com/ottenwbe/go-streaming/pkg/processing/query_control.go:104.39,105.70 1 18
github.com/ottenwbe/go-streaming/pkg/processing/query_control.go:105.70,107.5 1 0
github.com/ottenwbe/go-streaming/pkg/processing/query_control.go:110.3,110.33 1 20
github.com/ottenwbe/go-streaming/pkg/processing/query_control.go:110.33,111.44 1 16
github.com/ottenwbe/go-streaming/pkg/processing/query_control.go:111.44,113.5 1 0
github.com/ottenwbe/go-streaming/pkg/processing/query_control.go:115.3,117.33 2 20
github.com/ottenwbe/go-streaming/pkg/processing/query_control.go:119.2,119.13 1 20
github.com/ottenwbe/go-streaming/pkg/processing/query_control.go:122.69,126.27 2 22
github.com/ottenwbe/go-streaming/pkg/processing/query_control.go:126.27,128.3 1 3
github.com/ottenwbe/go-streaming/pkg/processing/query_control.go:130.2,136.3 2 22
github.com/ottenwbe/go-streaming/pkg/processing/query_control.go:139.74,141.2 1 38
github.com/ottenwbe/go-streaming/pkg/processing/query_control.go:143.74,145.2 1 16
github.com/ottenwbe/go-streaming/pkg/processing/query_control.go:147.61,148.33 1 0
github.com/ottenwbe/go-streaming/pkg/processing/query_control.go:148.33,149.19 1 0
github.com/ottenwbe/go-streaming/pkg/processing/query_control.go:149.19,151.4 1 0
github.com/ottenwbe/go-streaming/pkg/processing/query_control.go:153.2,153.14 1 0
github.com/ottenwbe/go-streaming/pkg/processing/query_repository.go:20.30,22.2 1 0
github.com/ottenwbe/go-streaming/pkg/processing/query_repository.go:40.51,45.28 4 0
github.com/ottenwbe/go-streaming/pkg/processing/query_repository.go:45.28,47.3 1 0
github.com/ottenwbe/go-streaming/pkg/processing/query_repository.go:48.2,49.10 2 0
github.com/ottenwbe/go-streaming/pkg/processing/query_repository.go:52.75,57.2 4 0
github.com/ottenwbe/go-streaming/pkg/processing/query_repository.go:59.49,63.2 3 20
github.com/ottenwbe/go-streaming/pkg/processing/query_repository.go:65.64,68.28 3 18
github.com/ottenwbe/go-streaming/pkg/processing/query_repository.go:68.28,70.3 1 0
github.com/ottenwbe/go-streaming/pkg/processing/query_repository.go:71.2,71.36 1 18
github.com/ottenwbe/go-streaming/pkg/processing/query_repository.go:71.36,73.3 1 0
github.com/ottenwbe/go-streaming/pkg/processing/query_repository.go:75.2,77.12 2 18
github.com/ottenwbe/go-streaming/pkg/processing/query_repository.go:80.65,84.30 4 0
github.com/ottenwbe/go-streaming/pkg/processing/query_repository.go:84.30,86.3 1 0
github.com/ottenwbe/go-streaming/pkg/processing/query_repository.go:87.2,87.12 1 0
github.com/ottenwbe/go-streaming/pkg/processing/query_repository.go:95.35,97.2 1 38
github.com/ottenwbe/go-streaming/pkg/processing/query_repository.go:99.13,103.2 1 1
